1295
8696 20
35619 45104 44776 86267 17085 89554 3876 87902 38304 24855 77630 82092 78115 2284 82577 94634 66416 42488 5076 65791 
8384 20
29310 76168 27699 71023 79781 90223 84313 24067 67329 15212 84933 67804 45614 54344 4986 37923 69826 34713 81966 89482 
2297 17
32352 98491 19238 67018 61759 74118 54343 20451 72402 48161 5511 6718 42504 70960 26037 34902 44219 
2610 20
1382 65479 61304 49113 77032 48043 39325 89240 66708 4174 7820 74761 25060 53356 30494 52297 11071 10458 48745 71113 
8530 20
11503 81373 87719 5892 26138 53582 59089 88957 32631 2304 20859 16064 42760 19448 98024 99723 22968 96213 27044 82458 
8738 17
34438 20614 68221 1081 46844 42857 89237 2052 92795 33701 88550 485 69069 47390 10840 36519 41936 
6897 19
56907 95402 83304 28038 71074 14860 10856 3932 87937 54263 6564 43423 14925 48793 75602 16476 73295 54084 37550 
1864 14
30623 34568 78112 35086 80808 46864 18625 94551 54703 96511 52248 22717 43957 33943 
8728 19
71936 35203 33260 69082 65433 50050 87702 32405 56671 10134 74374 73194 74978 35881 72584 47730 18116 81479 15654 
53 11
19871 45897 2478 60488 1061 70968 67042 56156 61098 42293 27198 
9829 19
56041 83501 86822 88487 64120 77453 20136 75869 3990 47730 21391 97558 32779 67231 1070 11205 47315 51779 70861 
7989 15
22925 80808 6800 31099 46874 12877 34694 46347 25304 39418 86559 92114 95793 33147 4181 
8691 20
48126 46058 1012 33992 55052 80049 35565 87419 18437 15480 78477 20152 50247 78715 55714 29434 85175 15371 11153 59290 
4193 12
82470 16068 8596 51587 29869 52011 58278 97482 99564 34675 49397 24403 
2359 15
9508 55889 14067 60259 78319 30503 98686 63497 83803 19053 20678 28632 12451 52615 85810 
8149 10
16863 79950 87508 71560 59349 39297 11281 46288 42728 88199 
1760 10
5901 39132 49620 14830 22422 40929 58487 82880 46805 28953 
627 20
74570 6016 49106 41993 94802 39432 20137 76493 13907 46427 61874 92874 60226 60962 18989 17668 47618 75802 52170 38799 
5134 15
91032 93992 97031 41345 78271 77120 73307 68890 41570 6727 98153 79664 97582 10421 62796 
9092 14
27133 70866 56179 39395 52279 14736 59636 33002 43902 83350 4727 61446 50047 14305 
111 14
70445 1692 38153 55457 20320 15253 61427 1559 40466 79430 45472 8792 78382 97759 
6871 20
40071 599 47629 87851 67662 31515 12282 59306 42836 75548 36149 80127 74615 74736 16615 59246 66013 21581 39044 13601 
5771 19
86501 33122 1209 28069 24242 99914 72219 64988 59863 66534 3612 93974 75809 79899 54432 93188 49265 33987 61655 
6644 20
89990 62465 5281 47332 52990 87633 79918 60249 35676 34217 91504 2164 10816 32722 59710 43182 39066 67532 73905 34688 
2006 13
94498 96323 16873 36998 3964 20664 88446 79411 27157 42790 96719 75657 42447 
2882 12
16292 6626 34082 78934 24478 34255 48828 54090 7897 83698 130 65860 
5348 19
2519 30289 22038 37958 21795 43951 27669 16521 30371 60666 44592 63951 6144 42335 75228 92159 70428 9820 44219 
8758 17
13373 66675 45583 57507 17985 77120 18403 74958 51760 95727 5445 88026 60299 49244 24925 68057 36492 
7791 18
23942 27113 54133 35109 83007 41427 75810 87331 49959 81321 87958 48237 26638 84014 32187 91641 81874 93181 
661 20
48941 87312 32402 83190 46618 77606 50977 25973 15297 26557 49350 31489 55860 41272 44823 15973 86001 9112 5110 66405 
7358 20
8226 6016 41726 81897 46729 65508 65619 36550 63957 45114 59605 34271 81543 47834 46203 30585 67570 34122 51487 88944 
122 10
89613 22078 37843 98090 47800 78834 12344 70053 13385 55902 
7984 19
44930 27980 57104 6981 7690 38861 57279 91557 40900 55615 78896 88120 97991 96995 83098 98660 59248 60574 56008 
6754 12
48874 16462 73946 69574 57188 6136 64971 54195 47046 9716 60674 38055 
5804 17
94485 99751 90819 91571 51893 4467 68128 41712 8105 22763 48473 62136 8102 62289 5917 30618 34521 
5020 12
72364 56306 61717 28296 24078 84053 23908 97385 71679 34753 70976 11335 
7305 11
23444 89141 17735 27769 569 31000 71052 41276 95997 16103 80227 
416 17
27052 96196 71411 80870 58698 61397 57140 78548 10280 82929 19674 84065 97542 348 1508 34561 85782 
9855 20
60258 74200 83257 45533 55738 34698 84226 89198 14014 94033 64392 21342 79077 31629 2999 56073 18568 51479 24583 69233 
5339 19
74857 8649 63380 97317 93773 61805 72427 57668 56296 82022 11166 58639 40789 57166 68007 42866 21895 58878 12125 
1549 11
52239 47431 78457 39536 92602 36648 5245 52007 61854 98461 25013 
479 13
65438 31568 15780 13011 90023 95650 70053 77731 9176 95716 4191 98692 15992 
1653 18
37098 38343 94606 23427 57035 29400 96842 94978 91818 93600 28095 28629 53375 28621 32573 13447 98634 85842 
3679 17
43919 30290 53944 77953 73279 33897 32628 49586 15648 91484 54193 20209 39446 8895 23169 73820 64846 
1349 19
28366 22375 94002 45850 11511 19353 74174 82237 75381 17539 56202 42110 32056 50069 8164 86640 63894 44508 75694 
1283 18
78912 89194 18163 45905 65797 29280 99157 21454 30634 38825 18667 43971 61184 34956 96458 87663 50561 9751 
6063 20
54575 67622 67848 78200 9552 95598 41516 96428 79788 1266 85987 48962 51504 36058 66962 28199 5828 91877 9218 50947 
1448 14
89811 53233 91418 45379 95566 14370 97191 46160 88725 92889 88507 45990 61385 52876 
4138 19
7028 92204 45568 17444 74424 68663 55497 97831 57207 16048 41421 45495 34073 96595 37046 67693 59332 57000 6958 
5023 19
71227 57179 42712 75447 32205 66078 8667 54788 85676 13803 72850 31201 82184 73933 50887 5825 90649 87136 44869 
2415 15
17257 74055 95638 94287 27490 83554 4557 80257 17962 42484 53402 36089 45738 86608 46548 
1737 18
11483 75184 75599 7055 24216 38352 41108 1912 35667 75169 18610 63090 10209 39513 96574 74518 28258 7610 
5263 17
73291 34601 15260 64389 38744 35600 83457 36344 21385 805 41725 37405 63602 32725 78398 27573 90365 
6338 18
99700 12190 60792 87196 95615 14542 90076 24605 84191 50679 68607 73241 28228 45550 97460 85867 3993 87956 
6636 15
42641 997 71874 5454 54092 97223 34089 1816 60066 95361 75695 47875 47982 88953 32592 
6202 14
35878 47571 3489 73534 70036 69527 37978 87037 92835 18657 81666 32439 26051 88430 
6979 19
89839 41474 32591 40294 57859 71799 71246 93347 41412 21211 30325 25493 15498 8991 43631 3425 18600 22906 76206 
399 12
5704 5660 36203 59660 55849 58319 86560 72616 44405 92949 16700 83483 
9566 10
52477 57624 65721 48216 76358 44518 60741 85657 3302 41865 
2737 19
1780 35484 13839 78710 64827 77444 89450 43703 40330 3905 46156 80130 33748 31512 9560 3325 25708 87118 78758 
8050 17
68239 93694 18693 42059 37194 39647 50751 70363 63540 12728 813 24179 36105 88971 63265 3975 78373 
752 17
30917 12133 28446 16350 55619 93744 18064 61302 70551 31700 72792 39254 94303 81483 26416 43031 91548 
1348 17
19371 53262 13098 39422 90465 58518 6111 27379 41574 65834 10838 56091 90943 73329 9142 55706 81953 
2394 19
47576 34607 94214 40639 96142 36757 83514 1998 63799 25967 43263 95029 73569 6758 20575 12871 36193 9796 29201 
1356 20
83283 52190 15920 73445 49706 77787 89796 40507 56979 61543 74453 1718 98328 70779 66975 63860 57786 7850 74656 13975 
7021 16
8126 69638 66024 19902 71524 34954 71094 39880 15673 84776 65056 14586 93967 58903 78444 86633 
2863 10
58684 99870 11046 70638 855 51663 30562 95997 19056 72313 
906 12
60103 28069 51287 44052 11604 24241 36627 87150 2770 75208 73612 46263 
1800 12
62554 51532 24025 29997 39404 31341 97417 88329 62440 75484 37546 81760 
1559 13
48838 83093 90715 51878 52328 13735 44809 57844 91615 49428 21448 94008 32310 
4112 17
572 27645 65305 35584 7423 49884 67144 30218 88453 95395 72854 20577 8516 8967 68058 46917 13957 
4439 18
6785 40174 54368 72389 91600 10386 75771 75100 20796 39744 13903 11204 24579 65954 42593 99588 30114 9881 
7368 10
56298 83691 14375 91433 40763 15296 10925 11093 18208 67270 
4924 18
92541 59614 93078 48782 56151 13354 87012 66749 44645 21951 44115 66609 99110 59889 33792 71417 66797 6532 
3546 10
83879 46983 76616 55898 55536 92353 84271 46114 29226 46370 
6997 16
89931 98688 78792 5905 19589 40161 29304 15745 17992 87668 28159 789 87233 72751 15852 66150 
8283 17
21288 75797 34666 69572 52552 81890 94482 96375 29584 93762 84177 91275 77395 778 93624 75951 13885 
3124 14
99244 31431 99456 1683 57835 79809 42065 11593 4303 89360 88888 45851 24803 7441 
6772 13
95671 19919 86445 24112 75938 62509 23500 45113 88834 90050 95512 46842 68161 
1296 11
80466 19174 88340 88752 28937 9005 26826 95303 84642 45191 95991 
9918 10
63551 71772 47523 14457 27484 83949 61821 79933 49584 31825 
8795 18
47816 36151 89427 30617 31898 51607 7588 75616 72714 7515 35653 81608 33606 24629 34827 20115 11887 19282 
2044 20
29958 39554 69029 71861 27066 89068 25945 63471 64546 92294 79761 7230 69976 59429 90947 34336 2766 73699 63723 84863 
6313 12
93797 31659 43265 78987 82829 28797 67578 11942 40845 71033 55835 87162 
4589 18
15019 60847 25544 63137 69690 96842 7474 16290 96657 57543 85547 13094 68905 21652 37167 42443 35659 65364 
6953 16
4460 44169 71259 13413 40597 2391 45821 54548 6931 67642 46259 29728 66523 84887 52169 46501 
5853 17
45690 74745 69503 15189 86337 95766 35992 74376 46472 40237 98161 7334 52055 26098 78738 71022 51319 
115 10
76397 58775 15264 96238 44635 99249 50746 55235 5443 60419 
9027 15
30917 80014 57018 65839 672 33279 66363 7339 7881 32154 87363 96865 58873 65327 16771 
2919 18
66105 2194 92778 54171 36953 45296 26334 37464 81202 22402 832 36354 22673 86866 41339 35907 43217 43173 
2143 12
15678 17145 18889 34395 67372 79592 87144 21511 28330 86761 98833 21501 
6253 19
51545 43682 10342 66108 98355 77863 34810 71436 81202 51490 43797 83025 25956 9713 56995 98882 51496 1822 96307 
8505 19
51950 91543 75626 82264 70781 63958 99498 40259 80284 10869 86182 35399 62215 4848 44883 68405 68816 53693 64527 
9316 16
5807 70147 99852 47309 82906 37623 47249 75727 83085 33100 43322 78016 42636 19434 85069 23358 
462 16
11995 88288 65678 36094 36722 92412 96865 12322 82077 31505 72407 29109 84319 76817 73681 45164 
2097 17
71974 13950 4479 36914 56512 59220 12344 99396 58614 95184 70408 55915 30639 19472 72902 35119 84576 
1427 11
16915 98986 40047 8827 56741 82504 7576 36020 86916 75006 87619 
8109 13
66840 10811 75268 5407 34450 42969 31540 23360 52328 42782 59017 36052 52339 
9100 16
40503 79050 41747 67500 72373 1905 11852 59863 53450 58793 26345 14179 24333 48829 6610 28665 
4717 19
56201 65413 2654 29078 36568 51880 3319 86264 68665 67252 43891 61195 61563 81351 28190 26828 49956 12998 79767 
5851 20
8445 79965 3982 23556 21720 87530 56563 30381 12513 17291 95728 45502 85653 3163 21555 35601 99002 21719 50129 16980 
5912 16
58401 15943 77245 7871 88435 63121 99381 14229 56772 17694 36075 35156 13665 55233 96622 4145 
7308 16
10896 21713 75913 48460 67249 11678 56598 78871 24598 24479 38808 97823 29482 31752 54440 40867 
3216 11
81216 74598 74588 70762 20333 21563 14944 79179 9436 72361 66583 
5569 13
64850 34230 84254 59384 3796 62797 42224 9565 17805 83966 1429 54440 49204 
7175 12
66907 75263 28784 39305 23413 28230 17709 96386 68888 4082 14897 55577 
9985 19
5474 86708 18118 352 81477 35989 4521 95315 81469 46976 43277 39791 57997 13262 94829 27065 44342 31641 71651 
1351 11
89302 21165 47154 31055 36187 28930 19843 91501 59813 2942 36129 
4637 19
63609 28299 26142 46712 95262 16353 59528 50684 78679 72198 48895 36055 96659 67409 54237 89342 58115 89102 20123 
9218 11
71906 23172 41448 8590 70639 27311 24201 68963 35538 89612 50339 
1229 14
79616 90096 42863 89893 69387 11794 11142 52749 50904 8896 76472 60936 79141 63469 
2541 18
23352 96147 57554 79040 25662 73929 12444 32094 41831 12038 54239 98796 43459 29965 19302 59039 14967 5197 
7956 16
23650 83790 34990 86621 25103 2365 19498 11082 59305 43098 99270 76310 39793 8361 89710 91358 
6760 18
58782 18940 39307 55649 84077 77028 92406 62767 98616 10514 85057 950 1126 76560 44692 65570 55458 52244 
5002 12
23352 31469 26815 79017 56284 79583 4951 10707 62072 18834 62394 74901 
3091 15
5660 24479 90370 33403 33875 78266 8607 29249 64373 30466 11278 50612 37800 86977 57247 
7038 17
61179 99644 64379 87874 80352 22970 95361 34793 74706 3068 11272 45102 70019 1508 43484 16268 19777 
8981 10
73258 36381 15079 52999 53912 87611 11981 89217 68881 92873 
9948 13
4624 24599 90758 23869 74943 15301 10231 7578 78907 83858 60007 44866 55894 
1195 13
9331 14934 67451 34 58034 12925 16525 81708 60713 65784 61163 99673 79555 
7285 13
40018 63576 89313 26738 11089 73564 5389 74374 69891 83724 81492 65547 24772 
350 12
63551 16689 4757 28363 2565 10810 43238 77936 8204 39345 55647 34408 
7407 17
71967 84012 19051 99915 65910 88573 17054 56070 58136 75113 18397 5091 72956 90246 64217 46170 41471 
3548 11
40089 7620 43615 85798 98495 18494 15037 49240 69461 72581 62046 
917 10
97211 85545 29121 38274 99771 3449 59516 44084 33126 60729 
6115 19
63877 83165 74708 46716 63246 1292 68866 8724 77082 28690 31377 25374 87223 30659 20120 15175 37543 61183 7852 
561 17
96955 95256 53763 74585 62468 97761 8806 97800 8987 99897 85188 81332 72772 51002 51720 25871 58923 
2901 19
21422 6452 19814 20707 25691 32616 55482 94766 67673 12040 88634 58807 13741 34002 32970 85111 16397 71126 55760 
3993 15
47019 56292 58199 92861 21837 89549 63237 57768 4313 22861 80554 60365 50285 90129 43520 
7010 13
3374 50049 76342 73618 32844 36326 84419 76992 6527 88013 33506 7866 9494 
29 18
93750 80532 77682 66311 68449 12708 33042 69361 80009 55674 33336 68691 77350 99675 97733 50056 23600 69534 
1668 19
80410 44718 9362 36335 24030 55783 58743 88494 67446 45921 46296 40392 71723 97548 21420 77215 17657 54122 77181 
9294 20
42080 72711 16973 96726 23597 68640 97076 42870 89243 7009 57516 37909 747 37479 48181 54341 59429 87581 33522 57295 
1476 17
47921 36162 67602 57158 72019 80283 96318 81097 86219 75901 67690 71712 97603 1961 97715 19419 62389 
4386 20
55589 76411 81146 63486 27770 25605 55159 51559 8144 74910 53983 20278 58984 1441 41768 41057 51286 70149 2757 50686 
5857 16
6504 40680 22716 72811 85184 94779 99699 7444 67607 86694 44471 65193 25390 58643 76320 32808 
141 10
61373 37098 52135 42032 33554 84401 11061 1616 27534 21027 
8260 13
8391 43255 81941 63560 47005 35133 92119 2337 83122 75316 3518 59725 87805 
3525 19
60690 22992 53202 39839 33222 88124 26248 28338 90138 4701 9648 72796 5122 89782 54655 97816 80204 11729 99793 
5390 20
1629 26973 91957 41659 46059 96555 76674 98409 37734 9937 80485 5053 65140 61675 83944 32506 75021 41223 6763 41258 
2977 13
55942 3911 26975 15505 5806 59016 22277 93384 51874 12353 17198 1255 2309 
3277 18
23432 19826 67204 68496 60395 39549 39314 30216 39191 18635 96648 94314 4816 32672 13431 18984 15674 29145 
4330 11
96715 71274 72368 96206 60050 2290 80442 97836 87042 6287 52496 
5555 16
43114 41617 26780 15588 5128 48511 40617 72557 77368 44824 52666 43089 53231 21604 3773 88406 
2786 14
37310 15562 29626 88803 99560 10714 7537 53376 38790 72419 55427 25368 27246 34993 
820 19
17999 52153 81969 83119 30251 60338 20672 8452 54419 97361 27479 88971 82097 26664 9376 44633 86250 44370 66360 
2017 17
20243 5622 94563 97604 74179 75426 76967 3036 29367 17264 23740 62087 67785 57327 59125 8443 14595 
2339 18
95783 84827 69216 65811 86162 55998 93801 48621 82212 88562 13989 73062 5851 98479 16402 31604 63521 676 
5532 16
77124 9624 58431 75618 36759 45150 76154 64219 20449 84803 81458 4594 70554 56444 8841 99553 
3720 17
70147 39381 46806 19264 60814 32015 63846 94835 35343 11291 84943 31747 47043 85826 48745 73304 41114 
4535 18
77091 28322 69520 66425 25667 36600 7516 58582 4879 96236 81877 60973 23752 57008 17603 59703 30949 28816 
6054 10
4824 58795 69265 4114 19734 63110 15284 56202 52082 61539 
5789 17
54566 87405 50132 13429 62416 347 78124 30447 69491 15119 16737 31614 89758 61402 34964 5401 97026 
3483 19
90279 42098 11010 87119 51336 82304 72828 94901 909 87024 94004 37523 30642 18848 91934 88637 38455 69536 1098 
4284 18
20698 72299 37144 79590 23103 39219 74488 33387 94524 79501 99442 4492 84059 55489 91306 76024 95026 40266 
5065 19
32542 28614 40458 9950 71471 311 6870 20130 3096 69453 75917 99038 63892 77520 71880 28703 62380 89812 99758 
6229 10
76302 75827 28422 81657 24198 14751 61540 8106 10817 17584 
7293 15
12574 14667 70986 49312 39981 51647 3704 36429 49885 78972 14763 57054 73884 13465 44087 
8648 18
33752 82906 10856 80463 5890 5663 61228 70053 31855 85459 81295 22446 92903 41666 55376 40446 25704 15391 
9486 17
77993 25214 29781 88324 29916 88042 144 96171 85828 42294 1142 3667 13021 47863 25217 50136 81616 
2075 19
24782 49072 84055 68423 92693 1448 18433 18122 39879 70852 86288 50393 41424 87118 99139 69430 39111 4859 38228 
2504 16
449 22770 34013 53082 33155 70525 86931 83227 56410 7223 95592 370 67989 48916 58878 24035 
6915 11
65488 39955 36036 74797 94434 5398 42644 29988 85197 71522 85422 
7555 11
80645 59433 9913 34991 98853 49271 33388 28735 93960 62262 31057 
9061 10
97758 6623 14719 47228 34454 40717 6237 97493 42091 36314 
2510 13
36151 20151 88952 51299 410 90510 94567 68356 58544 39652 58393 19813 70989 
8056 13
31110 63827 35890 3561 75487 45770 24457 19817 87430 34361 17128 96476 28167 
6235 20
54675 98310 2510 89751 51514 33564 21213 14188 78483 27975 20599 23126 10813 67868 16201 74048 89434 85956 44347 43368 
9647 19
6639 93830 20992 36874 77077 22523 36307 29392 69201 25354 15121 35547 14951 3723 46419 25514 24037 95318 47109 
1659 14
6279 53843 75181 66551 60276 19804 50300 56181 17025 42808 55938 76475 35568 43695 
4556 18
32157 40510 57800 36222 87866 37414 43049 15115 45034 972 64985 74165 54089 33926 76785 91644 64604 56560 
7438 20
92491 76815 43162 1137 35463 42865 51686 50938 85581 86426 68645 50115 74677 29776 82920 7093 59314 89848 39760 60101 
8518 12
85977 38231 56852 92374 97852 41806 36836 11461 22438 97315 1534 48724 
2590 20
59603 58315 54953 97615 34053 43951 70859 83513 78111 45635 29997 37688 5742 48875 24522 45069 66541 90452 42927 81087 
1307 18
46815 23465 40496 72959 33850 60016 52535 1529 77218 75297 48817 37105 24787 54991 76167 82495 30185 86902 
8178 10
9401 81080 40436 45833 4923 53621 40020 50605 50677 96730 
8677 19
59762 61954 69066 98603 36527 63444 84362 95939 27075 87787 86212 5765 75934 11813 57476 65537 70719 55736 54100 
6386 10
11094 19711 2109 49757 67054 59511 71764 17594 22813 9874 
7494 12
623 10857 41288 10663 79302 90878 36353 70468 51017 76735 4463 85508 
4704 11
88817 45187 66137 47679 26048 79826 96939 11965 53376 46492 14343 
7995 17
76518 7514 78404 25285 77993 19974 95027 30852 72285 28990 47295 5768 64041 55364 74621 38128 96627 
2137 20
70379 37854 56949 23621 64790 14704 4572 44632 36726 75376 26245 46404 93795 56775 24477 75016 88626 23019 70737 16397 
3726 14
25619 60925 84645 55052 4363 64035 32226 36631 28561 19778 28990 85115 64529 98339 
5604 20
88745 9206 98615 83808 9978 26363 26512 42354 3229 21085 83291 89538 19539 63689 63423 74267 60539 98019 95456 75707 
8931 20
44975 73422 46470 5681 56908 78860 19568 95780 30542 85129 9389 68618 14462 48430 99045 14270 73278 51296 64479 79669 
9460 13
2404 22338 72555 66906 87693 87181 10043 94677 3868 19632 60724 27752 43007 
5510 14
66083 80974 15448 35068 45455 23029 61620 49426 63147 67104 69642 78494 77436 64469 
3868 16
88866 35657 15235 78867 15483 8246 20585 93556 71860 77797 48204 36551 14853 79373 45565 38492 
4506 14
46480 38358 68459 32001 63107 98349 69560 48250 39993 93152 7121 5368 88297 9268 
180 20
22770 56086 52970 71005 98128 862 79716 3243 20863 72660 75870 84541 97815 53633 57753 65750 31588 87213 35394 54866 
2250 15
38008 10297 87671 68845 14779 46943 19243 87037 52198 54812 3417 3737 95542 84817 70257 
2651 17
87520 40436 7277 69343 6709 84919 33345 15485 51735 90615 34930 303 66504 87639 35995 98402 89695 
9564 17
78145 39193 32607 38194 65091 4400 3879 47827 70424 56167 77329 94564 87438 92259 89514 36491 69604 
9751 19
30671 83119 97787 77396 94983 86798 88494 40731 68269 36902 6374 78043 81153 15698 12414 92385 68977 67431 16176 
6977 17
66128 32183 70449 71114 50143 34286 75975 32393 26326 17293 1942 99975 97203 16614 48057 70124 99006 
4631 19
80045 80217 9577 43970 49982 98260 49649 66446 52408 56132 15196 40434 85608 80023 74390 6866 489 12505 63708 
6779 18
96152 42236 97360 81514 80698 32041 23458 26920 17379 64219 28854 55496 41851 47812 2282 47364 64426 24773 
458 17
48823 30142 15900 31129 56783 97306 52949 43977 28797 80536 16259 11323 50016 28423 128 45076 62355 
1397 19
17529 14265 45733 65433 50055 83582 56640 1422 62582 13136 29597 11232 73566 80506 18788 92248 95221 66665 36689 
4618 17
5242 12430 78103 62124 78319 44069 49356 18713 73190 39285 56330 63734 86718 97876 74901 99623 95468 
6215 18
17113 4949 29973 23386 11421 16553 94148 52762 4744 24129 2140 14576 56408 67089 94517 45216 49415 96662 
156 11
13469 15885 65197 1251 54977 73296 20438 46885 42859 47307 36043 
4614 13
4248 59414 38614 92694 6797 80231 11040 96201 44479 89416 90052 32798 76366 
5551 20
2017 82686 16393 42531 49872 40140 25876 2528 46752 53504 96884 2612 12935 42489 29773 99068 69726 35382 61909 30948 
8390 20
70232 32568 42303 48266 60519 49743 87760 1030 90866 56049 52167 83316 17788 27709 65036 18962 9561 93150 90497 44742 
9291 20
61965 53569 90997 18754 49163 67203 31620 98661 55315 21108 85620 77294 70367 28135 26874 18872 43178 28222 6043 66701 
693 16
30884 79029 18233 77061 24973 66704 34392 35676 66038 32671 38587 84908 98204 39490 52967 70660 
2440 12
36019 32503 17250 95621 29022 52280 48961 273 51054 38466 44569 95859 
6079 17
81771 36151 15659 16853 80276 77000 76709 22024 12844 26665 61223 97034 72673 49 49798 51612 10997 
7096 13
14081 74848 51471 3912 7263 56709 98137 59961 70558 21657 37822 74167 11788 
7259 16
28997 72463 70983 5724 14752 76191 32807 65832 25195 44513 28395 76989 40686 14943 40291 28376 
2276 15
16594 88880 49600 40974 53887 39529 60061 28198 83080 75298 80809 50057 59168 43859 22235 
9540 10
64100 76067 69550 40796 22506 34381 15348 3354 15073 99580 
4457 15
89928 29127 89588 48851 90672 72070 43625 29944 10762 39188 52833 87383 13166 72866 74825 
5397 17
53613 46379 25888 53554 78555 3816 98963 53189 54150 71639 27789 5699 77282 94475 90129 15078 73351 
9095 14
75822 3621 72812 18313 37934 86290 12473 93109 49484 14246 17192 86613 92928 20395 
2848 14
31963 69102 58578 43702 98293 94845 33192 77165 28308 28054 65442 74347 83820 50366 
3318 13
76786 43084 69979 1598 61006 58059 15194 32281 86023 94732 45513 22250 80271 
3764 20
51167 83190 60792 85103 69583 56429 71135 95518 6181 86064 75741 60695 26712 89748 84960 69806 33508 6290 76664 4642 
1679 15
51344 28976 19995 68538 25432 90049 91367 6282 57066 96725 77193 44342 89694 72933 20174 
4252 19
73224 19213 86957 72729 62340 26067 73659 92372 73169 87121 48475 58654 6511 28200 41155 56397 69466 51077 34069 
5589 14
28172 30920 93461 16716 18607 63705 41680 8447 59911 7436 59009 68026 32515 99825 
7124 17
50099 54052 84187 80820 33815 95164 78852 15534 84791 15911 72194 63152 43774 47497 66112 76659 11559 
9108 14
67184 69876 97664 3767 2947 44442 42463 87785 10878 5784 14044 85237 45545 21047 
526 14
87714 67485 29292 2504 33586 16110 98157 9200 69570 54307 62761 16735 33981 1491 
1331 17
69820 69818 38127 59676 12924 25333 72124 53581 3541 86946 72349 81015 31281 36055 41770 59974 82656 
3597 20
40462 30212 95110 43268 15572 44464 11413 10118 37962 76133 90138 43181 26650 84345 90342 82493 12667 73670 55285 59146 
4813 20
53605 80961 33887 79227 94508 92336 33141 80938 1619 4381 44893 81110 48889 56513 40613 80023 46409 61968 4925 70504 
6900 15
70957 61143 95188 26881 90465 40778 31425 33507 30226 17678 49873 65779 9796 56122 84837 
733 19
74547 79180 92724 39705 55817 92955 86454 49094 67770 13284 65928 10133 76251 80266 83833 95415 66261 27665 5837 
2497 15
65230 17597 10644 80191 81091 90565 30941 41298 89009 2357 95546 66535 33888 86828 11387 
2998 19
3616 16572 31009 41318 13822 95424 71448 88364 26160 31381 12141 94677 54540 1070 42006 59790 14986 26729 87616 
7445 10
54006 15917 34472 19351 80365 80625 85554 84320 15716 33977 
3550 14
36462 62814 67059 38174 48062 59389 60417 30761 44797 74796 25997 9428 61815 77749 
6152 14
28053 5991 71306 14160 6747 94538 6315 3713 75597 71362 23049 16806 24180 33034 
7294 17
9222 87816 64804 14773 92094 74403 83381 24763 83796 14520 10973 23108 1412 79261 12787 55349 21556 
9686 18
12234 58585 1739 19857 67539 67202 98885 18898 4984 65300 92969 3052 66874 89718 91702 29417 65441 82545 
3586 13
57227 71835 69041 69328 44102 40780 7837 5869 43105 15365 86665 74127 66498 
5966 16
49097 54755 19845 83074 13419 31161 68638 84774 24337 44632 37855 87237 52220 27856 71086 32717 
6957 15
41944 72670 69907 32686 23121 89883 94880 8280 35443 29776 97950 4446 93239 16211 51669 
1970 11
30317 80411 49785 13325 60718 92429 35806 71777 60864 22341 17137 
5172 20
51447 57499 4624 78612 70466 52269 6742 17102 52564 57587 40985 22553 863 71104 45727 8430 24432 67828 5955 32583 
72 19
78903 86298 89314 46450 48253 91093 11162 4881 4102 54942 91784 59615 12452 17698 60433 38635 16099 63639 52737 
4496 12
65932 51627 92646 61278 53580 54582 15628 93963 95947 86869 2210 94856 
3719 16
98025 81004 47367 34807 37449 80832 26483 7953 41713 74216 89283 90708 38987 23489 97039 94938 
5805 13
750 60441 10948 44922 26733 42579 11382 89107 38167 17515 42416 17082 70432 
6446 20
26401 15900 97353 66792 68545 68205 46530 53448 69144 69387 36923 35735 27618 83774 98393 35871 99013 78839 10142 58291 
868 19
24532 71352 20414 52243 47902 44131 17941 98580 50525 50252 89428 42156 55200 38056 4267 19436 48775 26508 4022 
4194 13
40861 16943 13128 73906 53815 56177 77193 66263 54420 21300 23520 7184 19288 
8582 14
95124 26310 31680 60342 49047 36499 73331 83989 41460 90971 78272 56004 91550 36362 
3907 11
14146 45631 92245 99279 42943 25060 34950 58981 27219 33825 39237 
8098 12
20487 52912 86941 35499 83543 6241 32178 78523 48510 45918 7982 98316 
9508 18
24235 75059 85016 85823 14879 67267 98168 34392 11493 97151 76912 40741 5450 97289 7592 92230 12510 78213 
3852 16
77060 38591 83839 58777 48069 187 72242 77869 53683 15380 60599 40172 78232 30191 74830 9965 
5357 16
30926 28226 86311 61566 49688 23666 61616 69433 2897 29070 41159 14299 88026 41964 15395 86499 
7801 14
92511 74929 34242 64579 8998 53143 52343 42360 9805 66911 64401 67131 5417 46320 
8177 19
86465 62193 37076 18057 27778 61129 12332 45970 34772 72882 12082 15824 87722 47292 19949 68303 41349 30779 42461 
9733 16
39173 58005 38374 90923 48043 55543 58337 16989 55530 14939 77857 25678 52738 73503 46377 4715 
6893 16
86137 22644 4230 75829 25011 6665 22537 47187 80059 96605 47292 69038 95392 84211 80312 95732 
9761 12
91084 54689 97918 87866 97684 74259 34675 28058 91986 61586 3750 55044 
2738 10
60345 90672 99070 51020 79375 85669 11467 29926 80013 87867 
3267 18
31347 19951 74437 21116 32154 39327 74502 6432 54747 30344 37906 61801 73566 32751 16456 31974 91120 34595 
6493 10
18975 82563 75107 88148 56683 17080 80393 92547 95151 24233 
3552 16
43720 31819 89918 68779 4127 85967 42 12167 69434 15879 53591 77022 64890 46670 39157 58989 
6966 13
5047 31074 7993 38473 39549 94353 15390 19073 60597 16670 60828 910 90600 
5426 16
72585 5925 19950 48107 28081 75702 80817 89167 72459 51907 8856 68419 55517 80783 45328 94840 
5761 20
90886 19707 82127 82537 22202 10195 13204 17367 70757 59747 7101 77951 58793 51586 90546 9465 83633 49440 58848 84117 
7575 16
67566 43509 79454 43121 81317 53525 60496 80057 14517 96630 31529 11851 99998 56723 57733 66420 
9096 12
22767 38478 95825 41134 37455 83646 37806 56082 30748 85824 91376 35543 
9775 18
77110 63160 77427 96993 79094 63112 74620 61448 40064 94834 91818 58834 4152 7553 65172 75873 51106 10071 
1488 13
24347 5672 94462 22695 39288 94939 1762 80258 33891 32887 97224 14619 37975 
5561 18
78902 86943 89336 22333 83556 56036 45745 16694 95691 22956 46088 19769 60024 62957 63862 77839 88233 66602 
5818 19
55359 1281 66216 84011 40475 91785 98400 34960 59170 32589 35342 70993 6644 20394 14283 10087 51908 72617 63941 
9081 15
8893 82682 3001 1161 31591 86117 34619 93266 71966 55774 27930 51304 56624 36605 37630 
490 12
88188 10519 60348 30696 39605 97000 5411 44257 737 53040 24207 104 
3593 16
28053 47659 34994 54417 63957 67321 86790 43069 4356 93767 97806 43298 25849 98014 63730 56321 
3737 16
43158 47737 85327 59688 21489 49181 88312 12565 21407 70424 43515 34756 68991 84845 12217 59149 
8222 14
40631 74797 56920 89187 98195 45179 96763 82830 4986 80975 52797 63316 5394 32921 
9200 18
95783 40998 49335 23736 5786 75076 72874 94798 26733 90870 81025 86219 59635 15517 8628 13319 23611 21877 
1241 19
29536 35438 7283 31753 25953 30381 22364 6017 67054 32832 86125 58465 64170 38480 99029 90313 34500 47856 33262 
3568 16
57089 38570 66803 1417 31134 3120 9324 37582 34112 5430 88971 38169 20511 15600 40438 99956 
4154 13
2105 3619 50924 26091 32941 51548 816 66068 1117 59035 63752 35994 89968 
5202 18
18250 60356 31782 86155 19273 21096 65496 84690 58369 62898 97824 34541 24818 87187 84619 58381 70761 15311 
832 19
86392 98497 29746 26078 76482 42719 89198 3870 4567 54441 4118 53142 17213 12923 1489 44419 85275 75680 29059 
1420 19
76512 27803 26410 18028 72371 28783 88102 74425 89894 20791 11526 24206 24401 46426 80524 39276 82035 1597 84686 
7007 17
98729 80330 65628 37396 81941 97215 51572 11291 28196 48876 60591 4710 1617 52012 42443 13798 45220 
7729 18
24647 28235 31058 43920 4197 6685 15638 80885 25440 16001 86053 5343 54159 31033 72099 89627 15641 74182 
7442 13
43972 88066 83475 51910 88608 2411 75666 7033 95694 18588 31144 60742 84007 
8893 12
17105 66601 1543 83218 53488 38000 90842 41848 49793 40824 94973 3751 
9002 20
62316 12124 91892 37414 52024 13716 74681 58943 86336 39863 99659 57226 2591 14234 49905 77985 31122 42901 16782 34020 
9548 12
5328 33079 12593 79741 42365 49282 76966 2920 87321 90100 50610 65341 
9616 11
86840 1692 17570 99815 1364 75156 7556 16417 41559 78190 26504 
694 12
58055 95671 57748 50489 56320 42094 55401 49859 62376 44731 76704 2487 
7881 12
30489 8436 94115 69356 47235 30549 40758 27882 50018 12040 95013 29647 
9960 12
54985 19578 87648 72481 90539 10159 62212 81485 72726 6102 51956 64334 
1029 10
2582 19794 64097 79024 7468 15258 90196 25966 52505 55391 
1743 20
65475 29366 24269 20821 94296 50750 23621 23004 11480 12591 89597 50948 87627 76602 9692 68503 34912 12481 80002 24247 
2973 18
34945 69762 98433 33853 14497 14362 37616 34494 48717 25017 78862 12163 33642 99807 18578 27393 61101 75883 
7143 13
45165 61091 34953 71568 81037 20580 33208 90787 82181 55892 4712 46194 35678 
7666 19
57985 21917 59732 69744 10829 83744 71368 43543 72848 62577 23158 64442 4587 74893 67198 35764 12676 6528 7657 
8388 16
7524 92996 60592 57484 65980 93028 47698 73436 5630 93683 25618 55489 40309 693 70556 97776 
9315 10
13578 57019 96890 45363 66798 2485 915 6 85557 32713 
1504 19
89495 53279 27272 73289 60114 6788 33029 48312 55493 5201 87612 81801 76629 36228 10783 25159 95023 12996 39026 
1984 10
41551 29613 12902 95766 33464 33105 92038 32744 60456 80178 
2119 16
95209 45675 12283 84550 27592 88212 23288 47154 40627 39745 4940 76818 93238 34485 10162 59456 
4072 14
49199 82737 24964 82192 45975 79313 66899 20136 40813 72640 79547 20232 68899 27998 
7838 17
41456 59223 32256 4101 76370 11511 81182 23853 67961 44332 34832 10875 44970 80912 34154 3645 23441 
2881 11
13893 25536 80716 96993 5967 17468 76033 43130 90360 92110 20498 
4397 18
58227 62566 70596 57816 78149 766 26663 18659 1045 63839 88370 10042 47282 61075 41856 22832 5263 27853 
5388 10
2510 31625 29262 22454 56049 48235 16596 47577 68884 6239 
6792 14
29429 7163 18607 71996 28459 74662 5277 3160 52189 2690 37289 56258 60785 17248 
7974 13
59320 26314 27448 26355 45484 36882 71379 76647 20571 74034 46166 46572 88310 
8093 18
89863 53286 34533 70998 84931 1934 15847 3141 17236 5675 11320 97945 22993 46747 93112 39976 35669 18541 
918 13
26806 50606 76152 48558 86026 49856 3345 26656 12247 92080 51025 50540 67123 
1948 16
51547 21221 44912 85158 90682 44627 62011 21302 39560 47299 87494 27621 80843 99273 14595 55184 
2664 19
52093 54995 84514 69525 70202 65434 57718 47150 73448 47589 80596 57976 96111 31295 73485 91693 60287 30059 39531 
5437 19
58359 29133 84137 62156 75118 39244 78972 63416 94845 40517 90727 10326 36537 70941 99313 46209 49865 37541 19419 
9017 14
91709 14022 5712 19329 60058 91892 26768 60619 43329 91072 80430 42812 65630 95557 
9227 14
54980 75128 42200 67461 30542 63726 66562 43939 98859 18981 38461 17766 14391 27902 
599 19
65840 77874 84613 56373 86730 12746 11155 89722 2772 70241 78333 95277 91700 23800 20019 25834 77534 87674 87928 
3729 11
2650 91787 95081 15581 83971 25485 92769 62809 52186 11564 45274 
5513 17
92024 56844 71501 87634 44137 68500 31381 87175 49374 65210 58261 4574 75099 3443 85906 53280 39013 
6464 18
78557 73781 58880 71231 73743 49221 42483 37271 70117 7568 84763 66338 51166 88610 42093 7421 19163 8972 
8521 20
64176 83416 49863 86004 86374 5922 3523 9525 52981 14317 66555 55003 92700 98065 53094 45102 75115 6293 94592 72412 
9872 12
46559 42558 22001 51849 47501 85527 91580 4537 60493 32420 86685 56111 
9992 17
65697 18310 63811 12834 19245 84675 24118 50037 21906 60898 65970 2448 94642 54487 28487 97315 11896 
984 18
5364 20155 38364 55512 64584 3149 10131 98443 62866 3243 78657 26821 43392 43599 29093 73305 67207 99627 
1868 13
26663 11514 31924 62025 61130 16181 68996 57376 50201 96293 57160 23550 7898 
5873 20
51111 42960 71845 52916 49162 80581 64148 25664 54746 72106 10884 31494 34432 30683 68214 76811 97334 11228 45383 26816 
7963 11
9705 79522 74147 66573 28370 74649 89191 61205 25831 49736 63912 
8958 15
35279 63505 37144 60861 406 59386 19992 60567 55120 12006 9150 56082 37090 68824 55618 
9028 15
33839 1506 85016 37017 90292 70946 18377 69008 75877 27682 83450 51723 71195 9170 151 
2115 20
57393 56546 631 52372 56731 70698 30329 99970 67550 40196 44940 50089 82299 3811 72783 62652 36470 54155 99988 28285 
5933 11
95523 56989 57640 69265 52059 80946 73147 7410 98996 33213 67783 
1886 14
23337 32430 90527 69917 34381 99025 18501 24943 27423 56011 77196 19375 76267 16148 
3932 14
35609 76902 56522 59960 50601 80363 64017 70752 82149 49927 29211 2929 77422 40438 
4101 13
2013 20012 840 65631 92118 16166 39838 8983 65510 30611 37650 97993 58277 
5568 14
11989 65855 66563 40116 15721 70548 22644 72568 11333 86322 83113 17432 45053 67294 
6418 19
14997 77682 22844 79744 82879 91998 96150 57577 75744 3708 39035 4176 71901 55251 7124 81382 99717 36770 55802 
7363 10
40816 91931 47600 15437 30267 41293 16559 2051 2912 80638 
8818 14
62386 42040 94583 98773 70211 39943 2506 95488 294 27965 86782 18827 36626 40659 
9934 14
62769 40644 26078 85896 76048 33290 31611 48939 61475 13865 42785 12599 50954 74498 
79 13
5547 40712 75224 20294 15601 95827 81522 68010 9743 3069 34003 17409 92238 
1989 13
61260 79182 39893 85142 89037 24761 80644 60870 97175 51836 64154 53033 70849 
2269 20
13151 68373 36013 77141 83406 54550 7341 37632 27432 25367 24443 96431 16400 77337 54049 48995 21349 79711 60244 96225 
5811 18
85320 74557 27102 6893 35642 45346 50897 25826 17872 73954 99537 13126 74209 1668 30850 72936 97719 72787 
7042 19
60582 42074 72464 37687 49221 64879 38712 77640 24343 10231 94727 18110 79123 87349 18938 1911 92896 27467 69648 
8644 15
35464 89846 73627 76680 22724 51062 68386 89898 23452 34877 87213 26767 53074 34444 30861 
1024 11
32114 24268 22368 4972 52032 38759 61721 82442 58408 68426 20277 
3698 11
91786 32312 3504 64709 18098 68347 32386 8503 82055 29770 24081 
4170 18
24690 78045 62164 13380 21707 9654 8546 56800 84045 22287 3723 52006 39584 83717 62841 1918 80354 61321 
8392 15
69215 80643 41824 29951 42060 20066 99981 6519 28228 96946 32513 95714 96203 2231 36885 
520 13
24213 81727 63571 13982 61116 41348 19502 13745 90702 22444 34091 30948 110 
4065 15
69141 69244 43537 90021 43277 18030 33951 16624 59940 44996 9496 6561 86029 50234 99292 
673 19
73053 37068 58881 17215 46508 72520 50079 96349 29444 44256 93437 59134 42583 92933 97092 20178 4694 74144 65306 
2235 19
18597 56327 81026 65586 75038 95174 47269 39343 91372 60651 71171 90978 91502 94805 19971 4980 34107 31664 24426 
3050 15
7507 17096 20053 89911 80440 31709 57053 55851 41617 50044 77035 63291 69020 14042 20139 
5654 18
58774 55252 49319 47669 3479 26060 89846 13720 26456 83268 59164 42559 80070 87670 3565 10907 8560 94010 
8101 18
85863 77330 7489 18975 19326 44892 25853 27883 9825 11981 4386 69595 87425 46390 8586 96290 69837 87912 
969 15
11375 16352 3560 94144 29407 6800 51351 77890 36205 64681 38137 24281 90538 7644 4938 
7843 20
20265 17796 13585 31208 40070 5667 9698 99266 45791 15016 3970 75591 40884 44404 31352 74467 42817 77573 38684 9526 
783 19
41389 49971 593 99401 80409 50900 32306 89896 63943 68715 92020 99706 2958 18165 14838 67862 55062 85759 42106 
1110 14
94775 46345 82667 63840 11124 17878 79216 46752 52822 79109 81924 76657 31146 13971 
6679 17
65843 32194 80781 31872 78144 67448 27102 29223 65611 82681 47119 35817 83887 72151 36508 25368 55721 
7258 16
13832 49014 66786 79746 58199 73383 53365 66192 77350 83588 79404 9938 80630 33015 60285 51793 
8902 19
33301 22675 45112 94621 37332 22065 32830 18407 60157 38268 42818 24014 40132 39516 45574 96807 63862 31122 51948 
9392 16
41583 92031 60152 16853 14097 93839 50804 17618 15826 4218 94867 61886 35946 95834 38506 12125 
1044 14
60239 32697 36160 46398 51997 46663 35191 47616 94797 72992 14907 60159 2081 60633 
1682 11
95196 21978 71806 3620 15285 53116 78983 30759 64179 4814 67791 
2986 14
14964 32452 42996 94600 90172 9746 5536 75541 16598 18884 10776 36128 79125 6110 
5990 15
24991 72817 55817 8844 46525 30267 27051 70341 27750 71709 57778 17515 24689 35951 63765 
7148 15
32426 49863 8543 13913 3013 52707 4474 15901 43448 71203 71260 48396 50825 51731 52590 
7611 11
53390 47914 18521 77532 38709 31248 30601 72767 71784 11570 56217 
8793 13
81521 67518 73535 80599 14752 40743 20512 52159 58865 64717 84170 56029 72313 
25 13
69060 16523 31263 8959 97951 14449 79583 60620 87786 28562 5898 26816 87370 
314 15
63165 1523 93867 44995 50012 59963 60167 22302 10109 84531 64337 88138 70539 92456 64334 
438 19
66969 35391 83889 99274 35054 32649 42082 15813 80223 11330 66175 69232 60434 89610 38629 79345 26861 63712 27092 
521 16
57801 7326 82837 88648 85149 53166 61408 4233 76673 2254 80393 35549 98259 2059 84559 11261 
2257 11
37279 92596 8041 97877 53545 49709 35380 24086 83071 26567 44184 
3211 19
23753 51082 33432 45273 57344 60062 80958 2888 42423 74216 75480 61302 17693 71341 890 21718 8863 93215 87303 
3883 15
81808 44369 73083 97903 33589 48709 52270 51928 42944 24416 73176 45299 99574 60726 22713 
4430 20
44228 62452 81339 52219 68883 36836 55012 37464 1557 14462 11400 92534 12679 37523 3216 58755 80658 73238 80369 93730 
5269 19
27223 38405 26048 5257 7929 39365 86823 9236 50139 24854 55893 61193 66959 41417 32970 34903 79595 84148 63780 
5942 15
28518 16285 38755 7265 75667 97150 13868 36810 46122 4449 9609 84071 62284 71138 6297 
7804 14
10549 40986 65230 42228 71461 30002 72232 90637 51995 50894 79845 30785 3827 55552 
293 16
89089 32085 1378 30919 15322 88008 35161 19233 74344 52805 98159 66807 21757 87656 46410 23028 
811 19
94207 7006 87847 13093 66814 43056 25691 33777 60123 32257 58470 87977 36628 18871 84120 50881 19254 11148 68738 
3771 15
25515 37818 50067 29084 52795 91814 76040 68262 88728 61793 82940 890 36790 17287 84474 
3871 16
93037 83757 34264 38562 67022 52692 98821 67314 93465 36057 6198 86380 2283 60672 29774 68647 
4011 16
56544 17556 27377 93247 91863 62780 27333 91367 45199 64750 19886 71497 25444 95834 84344 37512 
4116 14
9338 40454 52495 28986 19149 61807 43174 30546 67788 14922 36488 70766 41152 10414 
4164 16
87460 40738 44932 13419 35906 4947 4903 31466 83030 32376 84170 36802 5488 29670 91515 83957 
4231 18
22830 93013 28 33514 81509 90565 37715 26108 83453 7049 6070 21764 96225 17548 68464 48429 52359 24035 
7205 11
14711 37738 94841 88876 84681 23637 94683 52199 43391 83334 14607 
7803 17
49077 44789 74195 71749 77821 64949 29809 15174 22727 2896 4527 37021 12753 84449 27483 37234 54908 
410 17
86274 75795 10196 16982 88539 51626 62165 2155 2897 47334 80829 65641 58919 41174 36890 78865 97393 
1711 10
77518 15318 22263 27128 86544 81455 87749 45685 15797 67380 
1723 15
78751 34302 40419 60342 93635 73071 78358 74243 8285 12887 87936 33651 33745 95946 70344 
2557 13
64183 57927 36464 41614 88848 88147 37269 11910 82808 12946 36888 71911 72443 
3423 15
76678 33003 62122 39312 39192 82192 48157 27132 88752 58117 26412 25385 4815 75475 84195 
3963 14
2032 40951 9198 77271 14372 46136 44899 40175 5135 8815 85557 84695 86171 38634 
4251 12
46481 95377 16994 80130 15036 61616 80598 7613 49793 41937 60970 93029 
5530 20
59366 28038 81846 95967 1436 94165 8809 70492 6221 3036 51062 71384 15173 59019 78721 36305 76723 81028 19170 38569 
5971 19
29132 22135 38344 22971 30555 74513 36326 83747 37400 48281 66882 70249 29902 46878 26586 59170 89985 17058 33269 
6209 18
98836 4248 82572 56753 83615 42256 74403 55237 94080 65669 31357 73196 23915 4664 50002 60849 4689 53650 
6236 20
95663 46152 89336 72514 26472 74537 37495 85494 43916 49075 71100 88550 89773 67257 89011 6736 31748 23755 21997 97316 
6715 18
35878 70288 49510 96008 9544 69349 94724 95314 3598 68116 34769 21077 98111 26822 67956 75926 92033 1147 
8180 14
95481 61325 28946 41992 78188 54818 52039 9612 2533 75155 65147 50585 98201 47789 
9168 12
78390 22703 34540 96405 28484 26275 5391 52598 5688 81278 643 18334 
9204 16
63140 30909 97721 54110 41533 14911 60050 82570 77844 21536 27638 23565 94816 1827 15641 59900 
9507 15
47750 61625 22639 76685 37861 426 43700 82357 50520 84733 38469 13243 107 28393 46675 
993 19
37640 5913 15551 93522 98506 73163 73605 65658 98571 82869 96099 1939 76936 61584 62743 3923 2896 81791 83276 
1002 17
64128 51557 43863 53213 49726 80553 79194 45978 38278 38792 19564 61038 9968 27661 28160 29363 75761 
1425 11
68541 41816 74273 90989 24556 55771 82434 44715 74693 71125 61665 
3307 19
60928 23112 62701 61555 95164 3028 29291 80457 25869 44376 40813 53292 74641 43229 91693 19159 24629 68951 24765 
3347 16
67037 18047 27081 63909 73956 39798 79488 46296 42963 86885 58386 88907 73455 63417 56624 24924 
4026 12
398 11163 57601 9852 15377 8548 94401 77408 79079 25243 86359 97985 
4083 12
52309 50999 1959 71983 16089 20469 17715 23437 67135 43990 92141 3262 
5272 17
37152 6228 26000 54677 14946 18631 83652 52185 49264 37339 38740 37519 79790 44610 8396 50995 82744 
6609 19
80532 62769 26726 22173 78614 73426 64281 69910 20546 84281 76612 40813 15824 8037 44884 34525 91760 17782 6635 
6793 16
5382 74394 79152 6450 33019 42097 67385 11329 35889 19311 77295 93306 57183 28348 17817 31062 
7280 15
80899 6392 93565 38742 1658 24479 5116 55355 35081 2535 88372 35778 5917 4380 86327 
9596 18
68283 28257 92897 46877 36022 70628 62020 82845 350 83745 36722 52255 74803 24317 6407 58817 51612 83441 
498 15
75135 77897 72849 38688 11241 90223 85390 4651 55274 80075 74383 14276 84687 95302 64733 
1618 20
30016 59773 98289 41190 34808 30245 87687 19733 97250 2216 37148 89628 52505 39408 59552 81907 27330 43601 36 16210 
3553 10
50288 34662 85269 64438 77845 10148 5665 17902 18201 56077 
3694 14
65797 5169 23734 15275 25839 18790 41072 71694 35134 73461 336 51636 6270 8169 
4986 16
52927 66917 22541 36753 44980 54419 25224 40099 6363 99737 20097 1414 40128 63605 3255 82988 
6076 15
18577 66935 8076 73316 90393 12702 50101 10124 20059 19881 98737 88709 20161 16963 31939 
8869 14
50700 62772 27848 25250 9550 52124 53509 38328 82758 61039 49369 87161 13964 36087 
2798 19
62930 13972 5547 90997 55073 74714 25320 24639 58337 28463 39151 96876 7485 46101 79291 3363 51701 2298 36023 
4402 11
12941 59661 92752 56187 15847 94612 47813 28026 31459 77337 4185 
6939 12
51405 22972 62718 51249 36094 35146 3723 99366 84569 87628 31143 84101 
7674 15
80350 13561 85631 99203 33430 83532 38030 40955 92671 96371 96548 34604 22822 23230 48355 
336 13
33376 95097 68306 69547 14879 35413 708 45101 4456 4018 20031 78480 72530 
1345 10
52360 31986 88362 82341 91428 59885 42322 94509 23559 51800 
3792 13
75482 9826 52065 47166 8578 32753 82939 92435 66718 98249 1767 52854 1063 
4975 19
15294 46795 82202 31058 50453 59131 4055 34111 44093 67501 17712 31660 9209 32445 95820 8832 480 77534 27153 
5113 18
40419 63919 27943 83827 9777 26368 96410 87593 26672 92685 69790 70484 14354 81601 21533 4515 10913 69974 
5193 15
57071 69331 45002 31968 60938 74255 32326 84756 55715 28848 89721 78377 21798 78706 36532 
6001 17
73661 21401 15542 9506 95049 18285 2465 51208 16340 23407 79879 79986 93593 50160 49955 68073 44179 
6423 19
16915 6832 18339 40246 95350 95909 60935 7116 51462 64766 77451 59936 10228 83681 23991 28524 9657 92164 29438 
9506 18
61131 32320 91177 53947 73605 13325 54080 28035 82657 2253 55571 95401 73120 64272 48747 33125 52150 24168 
585 15
68035 95338 58239 10728 47000 7897 22158 90553 72114 28778 78187 62068 98225 40085 75655 
897 16
3370 19537 89915 44446 35768 30177 90241 31964 62212 6362 43187 92813 64407 13632 85252 71146 
2244 11
5901 81910 2579 41287 52907 67510 1072 86802 13962 64479 30155 
3459 20
33307 1678 87515 77920 8575 57400 24874 17120 22522 25755 87562 75515 71217 55157 65964 10876 12206 53358 28136 97886 
6232 14
93005 79311 66470 94921 94613 11405 19078 94076 52136 39407 11374 31697 33573 24693 
7726 18
27 79952 84050 61424 9587 88213 29087 63936 43404 82992 51359 91734 52019 65491 44524 44950 26720 85737 
8261 12
69785 52714 4281 1120 14258 4423 91973 78430 93877 36050 13211 52458 
9060 19
17460 91847 85768 78524 75184 15588 58438 32288 49125 82115 73534 30539 2832 39421 51498 28418 47744 3631 21954 
9461 15
16352 9925 87580 40413 8414 19856 78587 4073 40090 87140 63315 44422 35751 29586 1827 
1249 10
87288 43004 81969 60004 14370 24923 13016 70255 10207 76800 
2079 20
81842 82091 18985 87837 87813 3333 10174 9323 47464 49627 13037 60294 65350 96654 24382 58472 72866 87657 49369 22275 
2837 13
35309 91512 94003 67662 93926 70238 60348 50938 43769 50798 57761 99704 42141 
3874 14
47125 92240 87298 59828 97508 99161 1910 51644 9095 59962 78658 95847 7225 97819 
8572 19
12537 5616 23157 22464 61981 91093 96767 69201 93536 11908 88489 82427 99978 29877 64529 54514 35534 53430 83108 
8848 11
75239 24353 86294 52782 1925 23014 86770 15262 31345 36789 88061 
9810 10
53684 72649 95564 4726 1912 53669 7955 33464 8905 93754 
3164 12
49782 32687 69313 7633 66562 61670 72596 31190 67484 77109 31033 97316 
3955 16
87897 21941 21980 96437 76480 13169 6022 48803 88248 62354 77965 63838 9607 38251 20670 48400 
3998 13
30958 50288 19932 94628 4051 57688 71934 88054 97779 64979 89508 91337 53876 
6618 11
78488 45396 23316 96378 25153 5349 30485 54774 69228 43613 30986 
6724 11
61454 66109 54142 63341 95077 92534 15302 90183 85301 55452 63244 
6929 10
37857 1246 41736 74880 48522 51237 91054 27730 33361 59689 
7296 14
49203 79028 9476 11285 77828 51538 41134 33372 23355 32866 2547 36981 54115 12073 
7349 13
59041 85279 26091 79362 33490 16892 31597 32445 80668 74246 84314 79401 17422 
8751 14
47966 98134 97838 72545 86186 14149 95125 2229 75430 4492 64277 18817 11360 5650 
9336 15
31985 4034 50935 14610 18601 7095 66404 89465 76358 77454 95682 18473 70375 98817 69072 
83 15
28287 31628 96069 41578 72666 13463 65409 73003 68141 43912 83179 85294 80483 17989 20825 
1807 20
99187 7847 92886 74681 89163 86753 77216 55560 8010 39933 93474 63275 97929 94259 60598 88738 48294 88360 49334 90073 
1963 20
36219 41579 22925 47421 21730 53039 77314 41118 27447 85379 41602 65636 60410 41207 70641 6107 95370 61203 33341 36653 
2657 19
12476 24266 47663 66936 60851 70935 67057 20372 29608 68893 46433 83921 86839 36709 69036 14268 32792 86153 42175 
3394 13
39436 15939 54203 95135 81118 98924 10310 10938 58482 2863 41598 64967 93786 
6355 16
97645 41965 33872 70258 20133 84084 65387 94618 50907 17030 62766 56480 31177 44783 10185 91485 
6370 20
33734 88380 46583 427 32239 37690 34253 18097 91160 32566 93433 94898 93870 3501 84683 48312 43840 60385 40362 25601 
7191 14
5609 45325 55252 33140 35312 19977 60405 86154 39828 84098 12118 20961 55622 97099 
9077 11
19144 19468 25597 97153 46321 44704 8165 27174 32335 33616 74177 
9667 15
13401 59887 70655 54762 90180 36504 43833 16180 40011 66302 56222 94791 20501 66630 50609 
310 15
56999 58340 2192 17185 14930 83307 27463 9345 99948 18449 22665 91758 75665 53010 47216 
1014 17
62913 33578 74625 67950 21950 76791 30283 55274 41197 19587 77146 7927 27325 74634 65429 46274 37599 
2268 18
16134 82754 38861 16826 53492 30371 46685 17071 99746 45035 35862 78188 49584 86866 7877 46809 37530 18519 
2565 14
67723 13699 60170 1357 31243 98444 90677 53394 60023 92265 98761 1581 45078 77450 
3632 13
42140 34962 73286 56974 60329 87037 55839 64088 31648 94062 46997 91017 23357 
4613 11
64159 4585 38373 64138 12729 81600 17347 7768 61798 7670 69642 
6218 16
28704 99660 71790 9772 18018 21458 11167 26004 97296 70536 66609 93996 36207 78879 52549 90010 
6665 15
94640 35658 78328 60207 88816 50515 21582 31325 96148 67942 14148 49364 20270 15422 90309 
8128 11
27904 98960 25117 78649 19960 19901 260 53094 95115 6491 2429 
9103 10
40936 63709 94900 98080 49435 46179 51298 38012 12231 59467 
9143 18
49178 60772 25932 45158 48011 85265 88929 13122 91287 57260 52799 66006 96999 88337 40948 67560 69322 42356 
9916 15
75779 19396 95010 88744 1394 89381 80348 58820 1929 93644 92092 22530 77432 86729 96141 
1824 17
18005 15316 72932 65226 8572 30186 63962 46666 80885 33502 22845 29019 59120 81351 24816 93300 60722 
3094 11
62188 10417 96483 41836 91141 19811 94442 70804 72753 26457 4876 
4451 15
76468 73767 90999 35019 24661 9740 73365 82748 90828 68683 79238 44298 27989 86801 18960 
5835 10
6703 24979 73781 30382 78040 89745 48697 93577 67862 93568 
6805 19
8175 5852 63182 87313 12103 12320 4740 21120 83178 49444 72651 83935 6252 7080 96088 51279 85071 20240 59020 
1550 17
68279 46278 27391 39689 95024 9830 53781 32205 76247 33528 55633 96794 40400 94711 18735 3571 38858 
2366 15
77114 65455 49331 1973 51078 60684 39807 1659 49368 15075 93864 78503 31925 6938 90125 
2655 20
57456 69053 78284 5767 89725 80016 90550 55319 79903 20397 81355 33581 83632 64957 16138 46808 68865 29910 84924 18033 
3454 19
61351 98346 52330 32422 4898 19304 7321 79703 31384 65309 65984 65362 84783 19732 34871 9148 65778 55062 68136 
3767 12
93034 1089 40631 78158 48637 85214 34176 32577 88197 30125 81517 63332 
4213 16
94775 84254 24738 77531 94145 28342 79678 26825 30834 66911 9895 46208 20152 47974 29636 16057 
4919 12
6006 89104 98753 60469 76319 74860 92830 19554 30015 97559 24316 82160 
6237 15
91042 57855 10342 50591 96515 14727 59450 44804 65844 39697 11327 85750 47326 35897 99963 
6349 16
92433 96766 26165 26396 82010 96477 26540 26147 78121 21212 63767 4120 84043 93970 34113 17469 
7822 13
68283 74828 20701 66124 77976 550 51399 48849 70296 15773 45966 75535 86967 
8198 16
26204 7524 51113 58483 66286 59495 88933 41823 79594 48942 20928 12267 3079 10738 96298 92622 
8482 20
70288 96977 78597 73754 63112 35307 57165 81431 79819 10884 67501 37324 61594 84574 47033 48488 80066 56376 15793 16809 
9767 17
72338 84385 95529 20734 51380 18458 87893 27427 64491 20073 49839 25318 87193 67431 49889 63897 65146 
9809 12
7458 91995 81683 14461 76882 23774 41078 36806 8225 57612 68260 23340 
5 16
48874 90613 30091 70553 47081 98759 14459 86009 31929 83777 62891 41431 34776 32713 85820 69906 
1844 17
95886 84941 6335 67733 28593 32769 92028 98585 47525 3226 20577 82730 22883 69508 67700 54363 19179 
1960 10
15752 64186 67313 63258 35270 71320 30379 90691 79988 13869 
3324 13
56075 98469 49851 27589 65658 16067 6316 77126 63905 63487 80630 23321 29258 
5159 17
48536 189 66428 72289 33771 91427 28051 53252 40507 44456 96577 18426 68138 35207 60365 21122 14772 
5285 15
2419 88880 33018 41032 66260 64457 67607 26087 669 31780 71759 84286 39323 17578 83059 
6634 16
48981 86293 2045 95224 67365 10566 14480 20397 53104 11963 19258 14221 20489 76078 92692 73348 
8843 15
62185 75867 51046 50624 58949 39604 82538 41602 56130 30128 78685 26685 6612 41879 4463 
9124 19
32653 44053 62522 92274 20981 15298 21421 68026 43429 94572 12780 12191 92903 40886 79060 15162 60377 72526 17411 
682 16
6927 88473 45690 47847 32681 57490 93357 90207 68424 33000 75338 67458 3557 84194 97980 44613 
963 14
6568 37402 1039 98800 91036 83252 75948 83507 52089 82597 28885 80121 30255 72532 
1516 20
74133 89052 28928 6026 25096 65931 21851 68551 75545 54631 96431 35392 99725 25771 88346 93938 7187 26779 86602 38377 
1661 20
24511 85544 148 52131 38934 31834 63329 54200 78657 11558 39745 99581 61243 51298 24792 88907 35534 41620 75322 86486 
1752 20
34219 14251 226 97137 83265 63175 32922 3970 30714 50923 66285 6294 67044 88425 14089 78980 40002 3907 56345 70743 
2778 16
53630 5212 64301 10732 12271 6688 13424 95289 7237 11107 75312 92159 5981 61039 66600 95839 
2824 13
55254 97295 55607 72587 97960 52131 7772 46614 14508 10632 59793 87607 91273 
3254 18
16018 67333 7625 31863 73943 31947 37406 9197 91770 36659 42335 31018 34267 73371 39232 2431 57953 83955 
3290 18
23482 82662 9508 90740 18661 76 33484 84907 81172 43961 93512 17413 10959 14447 28385 91742 3676 79759 
3406 20
39556 22649 28551 86708 67680 2525 55139 82917 53507 3749 37390 86556 77535 82683 84299 66604 2838 36740 33196 91345 
3617 12
48872 74355 19089 84356 91049 65327 44752 69277 40209 23200 28124 96141 
4001 16
13030 21650 77141 90042 65591 79390 31140 8528 97667 51954 19280 81051 13888 89416 29890 45852 
4367 16
21917 17724 83811 27337 8973 83027 16329 55056 17410 44992 69318 72896 65627 92503 87161 62775 
4749 17
81797 1428 38677 3103 39743 77302 16155 75299 82221 56596 44007 21535 57605 13811 26268 24773 61905 
6239 18
81944 59596 50373 26885 57560 635 27871 94511 77607 16312 31844 72953 50310 79224 40704 45378 10636 36532 
6733 13
26945 93077 40005 89258 49628 29486 95617 15119 99115 22144 37530 16580 43975 
9070 20
1833 95623 26864 50741 79699 34749 28391 18933 48849 34078 41616 95459 18941 78692 78830 22344 46400 78622 12507 12301 
9676 14
93929 92518 68280 43234 70745 14601 24519 24654 14940 52718 16635 94138 96170 89472 
9692 17
991 12574 90107 94674 59362 89000 4046 53196 17138 49181 6893 38246 70740 10196 45235 44492 95232 
445 17
27036 14411 24640 90346 86612 92413 64459 24482 59344 35349 36172 32384 2014 69678 55148 18854 47090 
1464 11
10968 70201 32197 31005 90673 6964 33607 61212 23162 32384 40376 
2049 17
8173 58646 3273 98753 8094 35266 22890 32306 13156 49714 9086 60204 13521 75571 8782 79668 20983 
2984 18
59464 71432 911 65932 20223 71546 99933 15268 77802 37544 17016 98914 52854 2953 36968 74210 63935 1455 
3313 19
15087 29810 39101 21240 78315 27001 16056 55400 69247 61534 27145 76838 97791 29372 86764 13500 54001 15393 12670 
3684 13
36274 81144 73767 64184 52341 13979 3879 50494 66179 38487 15994 75138 65974 
5547 12
3379 49370 50578 77720 71951 9153 79694 89992 77659 83536 5500 35887 
6189 20
84448 29089 80523 60912 16253 99320 27544 57806 27676 72577 28025 73003 77413 55154 75602 74773 38508 35114 35704 55709 
6340 13
8151 60207 13455 46063 60749 94994 83042 4957 53228 9906 35977 60536 56010 
6442 17
27191 71791 82710 38770 20785 83160 25017 11660 81761 36183 71284 73213 11172 69280 6299 52025 36383 
7470 11
84931 30834 25892 47689 89688 60595 58776 24953 99819 97382 14340 
9013 20
64716 79910 88859 28809 63012 56101 23750 45327 41657 52400 75957 97195 33431 73728 64041 46927 56551 49605 47364 92583 
107 14
79550 48205 321 13672 92509 52031 18315 11429 82899 33607 2626 50847 61850 11806 
335 12
47002 51965 37895 80480 93125 67888 94501 37203 76675 29236 14122 96982 
1826 18
83330 21922 66497 18765 64048 26070 38060 79766 20399 17481 62632 83776 21512 5968 83483 9471 55687 90765 
2214 18
71149 6515 5449 64376 37980 9236 69006 25274 21223 59437 45646 36172 59288 88742 94368 69665 75024 51556 
3472 12
98875 95870 15701 28175 54738 92424 3501 35120 587 59977 1105 99557 
4241 19
65406 22983 57750 63342 28901 11817 80956 62174 87208 32512 39604 94093 64581 69432 23074 72229 5812 16678 66206 
6285 15
10892 26159 96251 10521 50044 41241 94245 93151 14578 86520 62169 24073 32485 86974 83809 
6367 19
8507 89772 95063 18716 68008 74113 41361 7512 51554 12701 4513 51998 55679 59315 55688 4138 46085 85339 53725 
6633 20
3560 97717 48990 66888 63971 78792 28747 27148 23120 50672 7343 13722 4861 71810 24522 12603 38820 91131 46796 69673 
6717 20
81339 36096 18367 33661 74352 14982 2492 95454 41992 83653 32544 68371 87993 18904 26392 40088 25539 52310 28162 62589 
8300 12
33813 54196 41532 62377 92704 73038 31408 60051 10836 51039 15770 9754 
9560 11
46631 41944 67873 52476 24124 81457 8613 82282 17699 384 33354 
840 17
7307 56240 32726 4366 40919 93694 31436 80058 27925 49731 15538 13123 80803 12625 24554 11608 36179 
1415 12
36581 60818 59570 86353 12331 77295 67311 89423 83073 35560 11057 18746 
2414 11
97573 7645 85993 8296 61711 80871 72821 67102 17574 3831 44723 
3156 17
60921 70022 41816 44433 17659 48445 93278 41314 20300 18056 82727 50115 5883 69169 68184 43827 94725 
4742 18
56443 71519 93082 96223 13207 45484 10573 19146 1743 31598 40125 71030 79458 80334 31916 8825 22189 87984 
6250 11
42263 77964 86311 68517 83285 22583 35907 93367 66498 79149 3338 
6619 12
73595 96439 38534 31253 48818 11694 33183 99811 21025 56857 46796 5794 
9110 11
99103 78629 8444 67737 54757 93603 90052 34898 4345 84142 27498 
9302 18
44023 23442 31657 39129 22657 15916 24685 46052 20060 6648 16179 8397 83431 85456 43289 85673 38601 35617 
9517 15
24720 97001 52964 64422 61144 58949 51558 91100 76115 97254 88018 25943 36928 41155 65632 
9553 20
86467 60561 22616 44997 10375 33033 42722 21529 87340 15090 73449 95899 66104 22578 84565 78814 64309 81772 45017 323 
9562 10
90086 17388 24074 78801 6065 43028 73374 54582 66324 82933 
1940 11
1935 18210 23551 17064 37971 60753 90017 71444 9662 8102 83694 
2086 10
71240 64126 8855 22534 69080 50175 10082 77395 10909 21483 
2687 12
22525 73845 55575 33440 74329 10290 75463 53638 30789 18487 26687 4658 
2916 14
89411 51149 83837 87781 2499 19659 92953 1962 16259 14347 8972 29865 63276 23779 
3074 20
26264 82820 72959 37009 88267 81360 1016 32454 92498 28384 45069 88537 21746 15175 24574 63173 40967 61306 61127 75486 
4434 12
52445 76501 95613 26596 90926 66710 22448 54041 14462 50089 90285 61601 
5291 16
84149 34906 61936 57167 59522 76501 84620 70384 38170 80916 28149 56315 90668 14817 86902 65915 
5450 20
57511 82616 22566 52840 68959 59419 57238 38670 53752 14522 71235 63132 72058 23928 65428 77409 56603 15446 29993 53725 
5525 17
28392 73677 985 25763 3297 53555 93457 9905 2694 75965 60775 37553 72008 77308 51593 64360 91800 
6470 17
52430 20950 95501 50052 35795 18006 97803 64147 52709 81962 1076 22269 90831 1969 97384 55265 28558 
7338 20
53832 84415 56161 84645 35371 4659 37339 41679 32836 22529 44353 12927 60799 26694 67426 44533 95318 42876 33146 20506 
9748 16
38008 60608 84258 99689 60313 4737 27627 44145 99759 42285 43852 31566 22155 38506 16366 66583 
517 20
41481 46862 4500 90605 89982 74245 54503 30055 79584 60630 47947 81806 21012 45419 73642 54076 57333 3476 49599 74050 
672 10
64764 28266 97881 77869 1186 75845 19788 14983 26742 88872 
1065 19
77947 91882 87160 78289 73016 93966 56400 54970 9015 76483 33295 36080 88148 59899 39346 28543 50281 9836 95946 
1721 18
96680 1328 66601 97360 92021 12941 12706 26762 75648 9681 13436 1271 45900 29998 6368 979 46182 49144 
2960 16
34976 12111 55584 43250 87793 81236 86783 45342 36144 50442 51282 57689 45574 73536 63754 93223 
3080 15
81404 69934 20809 17256 74341 87054 3671 31796 64673 78611 40481 6733 31977 54164 1883 
3941 17
35672 22286 84220 45541 41179 85941 83562 41397 67271 16478 8724 82345 28017 11777 80541 81858 68285 
4297 19
41818 40293 7838 40342 71757 77693 28652 25838 75660 8519 10514 85081 19612 81533 55765 596 50128 35826 5924 
4351 17
39778 19361 62473 29015 12710 91438 46872 11978 63437 74284 87581 79471 16849 38794 69918 46112 55224 
4490 18
58202 71337 81386 16060 70238 83630 44635 62514 77937 19038 95526 49258 94608 73041 39788 88257 73008 6041 
4933 20
20954 39705 94648 67725 26933 92209 14509 23819 26349 8786 23748 93439 79794 84850 20475 12876 1839 17651 79686 38428 
5281 15
85487 29553 10224 60825 86086 53940 33046 92374 22276 85547 14677 30916 5775 99717 3255 
5585 18
52702 21281 96805 22256 21611 3807 88662 74742 19380 32575 7655 48826 54001 8062 47944 72826 7109 82005 
6902 11
87326 73429 89815 12745 2063 66272 43924 55892 71819 96365 97707 
6931 18
41818 57961 90877 87390 4312 27447 68001 67252 48385 93251 85003 42516 18835 60052 65683 93763 73187 23377 
9275 19
10678 65439 54384 5993 84400 46024 73807 20719 44588 52454 74937 24056 81883 34618 55292 96050 68647 27217 96342 
9429 15
43984 21221 13900 66779 90446 43772 7413 88304 45939 78376 59323 88954 73726 56724 70552 
283 16
34533 97389 53977 20758 89784 37540 66568 17747 17523 97229 48462 80348 2751 69277 42973 41323 
891 19
5752 87948 33768 39858 68095 74930 64491 67375 77788 69921 44791 76477 88916 2533 10855 6322 25101 61413 79752 
1676 15
99340 97222 64768 71950 48718 80095 26087 76968 47734 63290 18676 14419 54584 30131 84112 
2293 14
98604 92725 43317 56425 8227 61028 34447 73439 89524 45466 9744 66863 61567 88376 
3463 13
27267 93133 30102 56875 21757 50767 26861 61060 46708 31695 4164 24529 49433 
3915 14
63550 67403 72951 30953 98284 74117 45917 59016 60639 98747 55918 27006 74855 83261 
3947 12
46971 40480 18930 29341 50385 92530 6863 12650 55870 97418 70178 21316 
4383 18
3660 88191 37770 64548 92898 51153 49762 21265 14272 40441 79012 11447 6329 81907 93416 15791 56820 12670 
5095 16
17113 95402 42635 10740 2442 9341 73565 35594 35743 72588 34202 57603 23429 49580 74182 54888 
5386 11
87326 18316 42897 50928 46440 65754 13760 65753 47129 43464 4963 
5926 15
35943 78192 78639 69838 40395 86784 52752 97132 71833 33209 87561 66234 34786 18542 59526 
6899 13
95073 51050 94621 10095 83721 85338 7382 66671 56318 85529 14246 36977 66595 
7159 18
78410 34573 84649 92431 89347 1623 72887 39578 7829 53138 130 79578 18427 99647 66644 38087 4463 84160 
8157 19
30093 33974 29338 77610 52112 88748 80572 38401 17039 8976 2164 62986 5079 56037 43416 80212 16395 43003 34530 
8654 18
8283 73803 11386 87588 44501 95879 83828 59438 93649 28178 5419 43786 83698 79317 86537 45237 95915 1226 
8910 19
61520 97575 43138 94724 92261 32055 87320 56663 4878 42750 55435 83365 35807 26215 22611 81603 19559 19798 13132 
470 20
58852 34110 50532 75916 83487 71140 7128 61793 85789 84614 84978 34263 30681 84652 60568 54586 72655 42465 65050 72346 
637 17
31175 33750 57881 63248 53337 69260 62392 40066 86656 55018 76310 36630 85689 27172 81280 47643 76965 
1481 18
74501 57324 89739 21795 2528 6691 78483 74128 42698 23414 3516 69948 33411 18457 95592 80569 18694 39013 
1952 14
12985 71355 91043 43701 57365 31511 33240 63474 61733 90973 42604 80224 96773 41925 
1966 17
96754 69105 79121 32503 89946 22877 83505 51362 78308 57809 14222 83275 18759 44201 8523 42289 60672 
2109 19
59548 69361 53017 16081 19152 43212 31327 64071 9177 82880 42324 84424 53156 60640 39183 32541 35173 81350 12460 
2147 16
14417 21848 23635 69647 58874 70931 87523 88703 76154 69524 79979 39926 94883 66472 46721 70177 
2537 13
51082 16092 83929 67715 93270 41602 64285 95777 84262 29581 27730 46571 91004 
2585 16
6786 34582 18339 11139 67056 1673 6193 17454 33351 13156 66719 89694 26261 2636 9928 98609 
2708 20
82422 64931 43114 96552 14008 57484 14779 96343 58419 73774 34517 28024 74184 39506 42940 56282 83932 37677 75651 46311 
2746 17
27449 2760 99148 37813 77302 61610 39339 70366 84885 6172 11870 86804 81792 96044 17972 92342 94130 
2760 13
78645 36859 27297 57304 64077 93269 30126 89490 78331 64610 16929 26113 85851 
2876 12
28551 29366 14557 53580 92305 69894 76590 72468 93202 21898 11362 42288 
3027 11
93498 36246 62107 686 7709 94987 72139 30048 55443 26116 527 
4055 10
62326 20119 72834 24286 54818 46505 87860 89428 37116 22090 
4661 14
17597 72713 21867 81257 24216 81821 13396 84872 42756 10589 97597 429 3276 51616 
4855 20
21275 49002 1671 85241 54726 96302 96900 61253 51015 44135 42704 60112 68090 48909 46226 50795 27092 61824 74976 66955 
4963 18
99629 28048 34875 28802 47826 32355 21883 62023 61153 13355 21360 67334 36289 99191 39937 44372 31380 42460 
5050 17
82370 47576 99354 87247 41597 35893 34949 39820 81078 74916 34350 93662 58581 3928 36060 6422 7328 
5484 16
66854 59674 41165 57344 65001 22448 97383 27715 50882 72129 34300 37417 13019 34213 30386 43379 
5668 11
51313 78751 96666 16157 50980 66577 60769 37264 64684 6203 41952 
5889 15
52847 67023 24905 60145 46453 50516 53887 41564 25503 53753 52052 196 92496 21957 56880 
5896 13
35109 50877 1633 60851 25352 6549 53833 25822 96973 42871 5847 91507 88504 
5999 14
96427 11566 50054 21000 10128 59137 70701 33623 41739 75402 42056 89070 75664 69509 
6396 12
71240 14995 28919 80236 68119 14039 10810 49992 16288 67310 53076 72098 
8122 10
93479 98957 6121 22757 55650 93036 99042 62802 53274 70857 
8138 13
20108 96157 72141 45672 77636 67623 36224 88287 74246 14820 66280 42854 13542 
8404 10
13529 44882 38866 96954 82120 37115 91728 36801 13368 58196 
9496 16
99645 58606 62496 37815 96840 18046 79773 74179 1530 57726 91416 48561 94658 73873 13615 98391 
9787 10
4320 22920 9694 89953 10729 10500 7021 5200 2616 15218 
147 19
85475 37898 25669 55169 77014 37483 53926 37740 14550 52718 63425 73296 19749 94927 22178 10586 68662 35845 88118 
201 14
36432 22782 41939 71461 45238 55418 16015 71506 97865 43702 59402 37292 10122 9003 
257 12
40565 7848 48541 46943 30468 23752 43841 35009 50651 88115 10011 47090 
542 16
98025 90563 22135 98687 53334 56865 77058 77627 15560 88830 12927 45750 85408 60895 33694 35954 
1525 20
27961 60421 53366 68314 24060 42323 16791 93090 56296 88997 91112 59789 73558 22667 9352 62072 84745 94367 95293 9687 
1601 15
99629 1408 8350 24960 48156 44328 7951 80302 86336 97871 77556 40625 21338 39225 98568 
2714 15
88095 16027 243 38324 20559 30171 61915 26672 18199 88007 77069 4870 1865 60652 52974 
2842 17
35329 35245 86651 63993 42539 70850 4957 56372 25473 64561 9960 63719 78882 44434 38625 82656 36178 
3301 20
25109 89106 1990 31788 96993 19561 8738 16442 40547 4023 4947 38908 19556 92476 2972 87044 71697 17449 35755 70229 
3491 19
39981 83403 16186 36976 24849 92693 52272 84838 24919 87251 81078 49651 52810 19591 751 55230 74566 39672 77477 
3605 20
8975 83102 13642 45987 61346 66554 94252 90870 23769 87257 68443 72147 31578 25793 65603 27779 4942 83853 98521 42192 
4398 16
29918 91995 59630 92429 75088 79383 6175 65777 59341 72267 1839 29501 58223 37258 81038 68863 
4437 19
80624 51678 39214 93000 87815 21619 40073 9398 34930 43054 69434 68618 59281 47173 58316 13497 3701 87657 30799 
4828 20
19797 80928 94398 54907 45350 91043 18825 91838 24457 30359 66981 28147 51609 80393 32776 41459 24202 44288 11114 21408 
5895 18
85487 24176 39803 59011 11231 26288 48597 70738 46911 98518 10235 32811 9376 76260 41462 18396 23350 93298 
6769 18
99340 94055 27316 32405 71709 45981 90677 23487 72603 87382 7510 17968 14492 45307 43023 57011 42007 26607 
7071 11
83596 32802 54358 83688 40860 49768 61317 93910 72570 67657 28620 
7594 14
70307 10648 29280 72978 75342 74153 37384 18157 85279 84674 48297 66250 89472 68793 
7601 14
70028 60839 77438 51149 9712 30420 46716 48744 44649 16892 31394 4908 83421 89117 
8683 15
94313 22774 76224 70123 94739 58644 87996 54414 15613 5972 16759 17992 44385 60422 25176 
8773 11
75291 17779 56192 85276 13380 57468 89908 36647 40334 5104 33557 
8890 14
36749 63102 6725 5858 26620 15643 98464 79810 42631 29939 14151 30752 3650 96640 
16 18
45060 59477 46573 65538 46212 12081 31044 14484 40720 66289 69365 78933 45051 80933 21273 86246 79317 19163 
360 10
51762 9390 19893 26241 80824 80851 30215 77074 31367 18869 
456 17
55689 71859 18385 65439 18127 7165 66596 41921 62416 94108 60387 37620 87689 53796 44679 9380 59989 
643 18
80377 73064 23442 87427 71602 81916 65144 55374 62582 28243 99460 16021 4375 39678 84711 1126 8537 36961 
896 18
10622 79679 51615 84771 65633 73411 55381 17942 32544 31190 43258 23617 91672 27111 56854 95797 72230 11746 
1551 19
57630 56068 37223 9404 57225 8504 4790 2684 97317 68416 88606 44066 60973 97265 34746 12481 51535 41567 21609 
1640 18
80930 18860 91380 10173 17916 45754 7256 57479 21242 61934 82408 230 5558 45617 97768 46517 33249 28535 
1778 14
8363 18335 44766 98875 51003 37771 18685 68698 57572 51298 7926 71627 14180 97633 
1876 15
73738 42203 59688 36846 59643 47861 89753 46246 36623 69212 62546 70547 64029 43177 32017 
2317 15
20878 87402 65696 82056 38890 66434 85883 10806 70890 41224 32673 75328 15438 60074 61382 
2375 18
29920 68368 37447 20658 59676 34782 15912 50227 93719 7137 72883 10711 66067 7000 11564 23324 81737 72134 
2470 12
41551 1465 55965 63724 17111 84926 1537 76510 56202 90674 41697 39710 
2992 19
60307 95073 10896 61417 11357 3561 72952 16692 23535 83804 5446 25118 13816 60782 64644 89410 43192 88976 93737 
3022 19
38872 59416 25983 426 90683 3416 6448 14072 61920 88733 30140 79857 9564 78659 12561 6089 73124 18402 1628 
3162 17
45853 57718 37771 15787 26920 7200 44136 38786 94050 36009 56030 48889 90027 92112 40323 50177 46635 
3215 20
97697 28626 87224 87041 76153 17979 23408 85996 45484 94834 56506 16565 29694 9127 56551 51720 19258 48973 12289 85233 
3220 18
8620 19603 27113 94160 90438 54555 8025 20613 82464 64952 24106 47995 37185 54061 80587 57394 54112 50392 
3507 10
1983 45935 78255 90321 39656 49256 12840 28944 55491 38983 
3529 10
92291 71227 75927 1810 25057 36293 3068 80431 31928 65857 
3607 14
35202 29078 33124 44785 57568 56818 3480 26689 71238 91775 83853 53176 76851 27064 
3623 13
51326 56935 10805 2417 54320 53344 75668 18974 13622 50416 89642 23510 74106 
3722 14
74617 77650 17420 39803 30831 92803 67561 22645 68679 8250 38383 86539 99809 81754 
3755 19
28997 36632 89399 28933 37715 93679 54060 89386 66021 69000 1719 86288 93419 11814 98204 63749 6167 79379 84772 
4250 20
64845 79679 25688 12544 98758 95329 8999 4060 8404 20049 59754 25963 22377 71909 95498 89802 66035 6612 89315 16418 
4582 16
52467 79193 88897 60147 82478 36441 29228 67075 34486 23834 93482 25238 28841 86592 78386 98085 
5013 15
12961 83254 39938 74158 67329 74804 8702 99669 94442 1295 83357 64550 94655 33940 96735 
5175 13
34740 886 70139 29872 12890 62499 81030 74994 51604 31419 57263 6659 15654 
5340 13
99852 32801 32426 13309 24410 11811 79681 77868 44919 36370 39074 20765 82085 
6743 14
44681 32687 7377 86606 30014 63411 54489 5617 28607 7930 49522 54070 37829 46518 
7290 14
40944 70151 44016 82550 63589 44059 33845 55529 29914 9800 25441 82954 91738 12415 
7702 20
44431 44954 69145 29319 42188 22798 10293 23592 68778 77442 95141 8305 84473 89217 57316 45200 81986 9761 5790 129 
8569 13
92334 79948 27666 20946 38083 2644 86805 61663 71048 22059 85709 52315 50467 
8583 14
83367 22901 21766 37866 97288 30257 54188 28357 94958 7195 38871 49025 86018 32317 
8717 19
62598 75814 92231 85591 561 5540 15790 37199 92915 5045 15628 16116 32028 79015 51551 12431 21379 41006 58355 
8982 16
59681 66278 22153 5325 61247 20310 47826 76643 64244 86490 87726 39197 79323 80064 89082 60915 
9182 19
58359 90879 44973 30453 93808 70878 31401 74689 85098 37440 70696 53019 95891 83200 90723 69375 22630 52385 58196 
9221 19
76388 57012 19985 67088 26344 74554 24514 70487 25306 52725 29873 90500 83297 88825 86722 93774 8245 88738 84026 
9279 11
24532 91244 899 8995 76171 6564 83034 9652 44752 89798 7327 
9889 13
17833 75653 75279 33093 70722 99860 28851 32305 47077 39701 71030 55108 29752 
34 15
89682 58167 34868 54026 37051 6351 88521 94768 27800 78776 66243 95869 22903 97750 83619 
142 10
23765 27708 52504 70926 25320 72905 41397 44876 69776 29870 
465 19
32334 36875 4418 11588 22169 666 54490 30843 39961 82793 1139 5493 48125 43640 57715 27856 31246 43614 10458 
620 17
33339 31142 90128 75530 86290 69387 52399 53525 11351 51771 30153 76139 63067 10717 27378 51858 17004 
679 19
8937 76598 98826 5008 10728 38913 39950 5442 1380 85535 63537 90947 91702 38440 56499 66304 28064 42288 93904 
684 18
76599 59709 47959 96289 89530 3569 18534 62168 77143 76404 29962 7471 6642 90353 78566 17968 75396 63941 
960 18
4926 90819 72642 26015 68638 81617 84332 76569 79697 10369 87430 87879 69955 98653 96800 5744 46488 99227 
1139 12
20382 63126 46215 51672 1884 41635 13159 33173 24234 59678 80578 19263 
1773 15
68833 73845 18163 13988 79356 16687 56875 23778 79246 13491 70494 83220 93441 33405 61380 
1803 20
11354 55820 66257 6187 40407 20220 4746 88812 30171 99296 99959 65450 15430 29714 49557 60834 74092 90642 4666 39287 
2100 20
35894 83379 59515 79502 1945 53743 76171 8045 35427 46250 81719 71192 30916 5865 23256 97726 54872 54967 94917 61905 
2675 14
61797 82203 6623 76632 75092 17293 20859 50380 27564 928 87522 38806 20321 91568 
2776 15
29441 93717 21246 78989 59690 6571 12399 12978 50711 85673 51496 20680 39135 18378 45737 
3545 20
70207 52409 76042 62319 96911 94688 35466 90854 11624 51188 14653 67367 6648 13834 78285 21320 40498 5685 24607 25525 
3572 19
61989 60392 89382 56378 57615 83768 92553 11614 58966 86559 7170 65971 55647 36954 71847 52260 25351 4815 38634 
3708 19
42834 52573 91748 83868 41962 57344 26006 91434 9115 79985 62570 80897 70739 68448 20149 90844 70782 34595 58657 
3859 15
13583 30049 53180 84076 67860 90034 40901 67990 61686 22248 50188 51337 24656 76163 17275 
3891 16
70328 96200 77393 36064 64916 21847 5875 92040 69713 46221 17549 27807 45174 42805 47052 86807 
4148 14
42985 13890 29142 55818 39748 20686 40062 41458 57102 67569 43422 15851 83557 55540 
5177 17
65536 98745 39707 40377 87343 62448 97785 37729 12620 93683 40825 40640 55279 31518 35665 63765 28931 
5580 19
59124 56641 48851 40436 87843 70417 51678 17189 80063 46759 17645 94222 41033 44945 56542 11071 34412 91608 74674 
6374 14
90465 1683 1633 19661 82233 74859 3336 18203 46438 73713 61458 29970 39290 96364 
6388 10
25759 33785 14052 57679 70658 78503 27325 21305 35798 6068 
7072 19
23190 95736 17708 39286 3659 96718 60880 95521 23931 52746 26289 80706 73842 28666 14344 90714 96889 97556 72820 
7954 11
19268 66778 44258 38185 88317 154 1340 82077 10657 96374 91676 
8174 17
61041 77403 52739 13926 1372 609 96761 70808 86736 17294 21511 28054 25361 89563 70524 16501 31207 
8412 13
96599 69818 88384 65076 3224 74206 47400 71832 38169 48935 75065 3302 63364 
8596 14
65859 65049 406 42215 51627 79197 20468 79440 95592 67120 93937 60826 61628 86927 
8616 11
70430 97818 38923 96194 82814 71062 75987 78358 68422 65752 38917 
8663 11
9850 6134 8726 17711 49876 38608 60655 43539 56195 97554 87246 
9550 20
16900 13768 62462 78565 42609 41342 7589 65218 72705 8236 4066 1235 72989 84170 77601 55522 24547 62549 96624 94058 
237 13
48154 91842 88352 73477 67478 86725 31849 80910 82791 7343 12804 95786 62161 
436 18
41981 63990 73634 30423 15140 94503 96497 6930 20540 86715 11589 80284 65951 48725 58907 78386 57743 6619 
548 15
4373 84013 52961 54149 47559 71669 87751 95358 32263 30740 1969 74869 28077 87470 53466 
825 18
96894 9758 72211 62630 44047 35649 16387 19761 20058 49609 69306 83695 78064 32974 63729 37375 88894 72176 
1176 14
17553 92171 91262 7382 91541 85015 58895 35942 46632 57842 84570 38649 63336 80163 
1181 11
5320 29214 27377 28042 4193 28899 83554 92124 12567 78261 74718 
1189 17
18505 83259 27803 92432 97821 79407 87032 76647 24042 45900 15220 4207 96492 42713 95218 18054 822 
1561 18
30326 71237 38789 92091 25619 18027 58267 92126 9880 16710 37006 87458 53032 16984 90433 5669 37612 27889 
1742 14
94839 14368 17314 33803 31796 57061 84870 56059 80433 41731 94946 49286 55744 58461 
1815 20
39778 46231 11472 77584 53452 93261 73409 66241 96408 32932 11558 62223 72567 19271 20432 52911 21898 7803 36287 72742 
1939 11
56298 23542 7946 5946 30426 87958 68505 75122 83143 18390 28572 
2173 17
32546 71167 51897 33439 12607 32753 82221 65624 93331 23723 16757 23658 73730 22842 61124 31904 76018 
2467 14
70304 27827 85154 61611 88573 55542 59639 31267 18572 5245 85069 23946 79469 79900 
2632 17
58992 58005 63572 45380 33741 84222 55553 15425 69919 17173 83070 41421 70290 32822 41768 33928 19336 
2671 12
82516 20662 14228 14101 80477 15463 90416 44181 35286 8859 37061 50145 
2703 17
76451 33571 75411 77725 35143 56131 35603 50817 97736 22680 95526 48793 96945 70683 35062 59556 68548 
3167 12
16768 24472 54201 87752 45937 65740 46728 53198 50490 62826 38722 12102 
3331 13
69768 65361 96228 47058 33693 10894 82845 37966 22790 34050 13829 87848 54908 
3418 15
19757 8222 92780 21134 78891 98243 4314 39322 12207 65342 67750 37794 96870 28143 48325 
3520 18
17340 84153 15055 62718 25285 15549 93530 6933 54409 58047 64111 77097 8184 15673 42699 98266 51922 82462 
3978 19
83202 79777 64383 38070 30858 97688 81877 16539 95845 63814 23535 92462 8031 64152 16469 14252 22060 37725 34379 
4019 19
46896 75900 24748 73502 77622 68577 8242 4418 93507 11158 45883 22638 28194 97352 57610 70984 86048 97287 17988 
4149 18
70515 83190 32801 27816 94538 18220 21724 7599 91343 52101 38224 87792 1008 66456 76588 57497 69457 85027 
5006 20
54408 54828 50106 68314 43268 21514 30427 91079 53649 6050 25614 12938 18289 57867 64415 76702 46101 95257 35815 39830 
5167 14
46379 34460 48851 91696 36994 72007 38237 93921 73438 62964 19003 81952 93693 53574 
5427 14
25335 48764 78939 92912 33340 16191 60495 95337 75811 28677 37203 70834 13678 96387 
5760 16
36200 35401 58642 25516 31579 69294 28307 10971 46752 56581 3841 44614 32273 1536 63832 27303 
6017 19
47062 81823 80407 27909 76518 24947 46107 23138 908 13927 76080 90235 97607 96869 90217 99079 44017 36596 99549 
6211 13
72959 20956 75386 71222 68981 78921 34066 98515 31699 27025 33762 46219 66169 
6612 17
61274 26840 51976 22393 3698 11996 90289 91424 64075 60509 63998 41036 56585 56700 21810 1584 53430 
6736 10
24377 2769 17570 7372 41002 62677 33980 88797 97971 63766 
6850 11
99700 50099 35459 52749 97265 87286 88496 64835 57428 79264 80685 
6992 13
36392 11808 41507 76198 18627 78207 57291 19916 93173 65452 19422 22059 38949 
7050 20
53270 13613 34199 40683 37230 11958 63853 85014 79055 21397 54619 37315 66657 45019 57452 39815 41269 35575 6540 84806 
7088 20
94375 8412 27637 75544 27839 21222 24928 67545 57061 8631 29514 10166 42899 58188 85703 4075 97301 45307 42986 23859 
7099 18
47399 17825 92480 94394 44858 42133 25972 57840 50485 55683 43684 50093 30175 72976 87543 80436 24441 87568 
7164 20
16300 88532 51927 46932 93598 11034 22616 51026 11250 1665 26683 11969 92743 59655 89788 4667 15824 1126 32675 43695 
7291 18
22361 46919 93667 5342 59060 94577 91141 97174 12393 35956 95184 41236 72354 95257 4819 29640 13447 2913 
7515 11
32060 77803 32430 61005 13034 63763 1370 35357 5656 85042 27885 
7975 19
72722 24213 52789 83556 61299 25559 98766 37579 3073 20873 40404 62832 9242 59175 69390 34605 70037 5211 36179 
7987 12
54411 25794 19943 77014 83873 25691 7106 9875 44951 17843 22739 10682 
8025 12
89138 12329 42969 60747 94355 1439 24977 64190 95861 98568 14159 86652 
38 15
42521 61902 734 96167 97654 40183 21768 45134 92416 40728 5620 21305 51190 10335 8915 
1028 10
48004 46773 88525 98360 77170 4225 92049 44539 60552 6622 
1268 19
47798 98037 46618 17914 42468 30239 12045 85192 73816 97669 80268 17540 21854 6648 2779 99819 5787 37784 68325 
1403 12
60650 68456 10231 55951 80403 59518 74162 58077 42019 94238 40767 8000 
1910 16
75890 32105 38706 10968 90245 17618 11762 90311 71281 40637 48246 83784 77121 44994 88359 4959 
2058 13
32764 85397 9370 20315 58545 36073 80998 19708 37058 96608 89966 65925 51763 
2203 12
42602 14411 65073 66772 2832 79583 68082 49582 60445 70622 71567 36938 
2260 17
93385 53854 49470 43072 1867 42714 94835 97427 40058 21737 95866 87116 65117 32797 69575 31416 29339 
2350 12
44605 18392 73379 70 79745 92186 31049 20453 60978 36697 36280 19798 
2385 17
59548 32956 516 31141 69049 96413 49303 81722 64820 18518 93376 34520 88792 40289 80895 93991 89783 
2429 20
19201 68148 80317 14201 49180 50104 11679 66504 8951 57579 14625 87863 37185 11092 16390 65499 14546 2292 85520 79520 
2631 20
28844 95646 53154 27196 41551 48846 91910 65968 46628 98470 51443 72913 92325 86463 39248 49839 63405 11334 72613 30747 
2887 19
52250 93017 80591 79304 49005 85103 45836 69447 81469 85251 22640 59569 83250 38765 9226 99720 51033 49829 36666 
3065 15
27791 36925 88681 46943 57679 61023 9538 13897 57157 57986 78668 54699 72236 18806 67243 
3340 18
89643 82696 96673 54815 23964 77225 8177 76201 37866 7453 31484 66710 34884 64382 45755 46621 33191 1489 
3420 11
37876 67460 57729 3386 52101 56510 92850 11895 55407 64815 51528 
3473 15
34460 58628 74712 28388 97635 32208 16736 23666 89557 69252 29757 95151 56850 87775 2789 
3817 19
84587 27449 37798 84939 20117 12370 88142 35154 1970 59532 76056 23889 99112 24180 88456 97393 99407 554 99990 
3921 17
46074 76490 43430 60181 45079 1420 43480 61771 15053 14659 63852 89556 89729 54401 86890 85820 74507 
3970 14
1978 74394 58686 81727 88203 84154 55513 2949 90280 55053 80384 32750 37441 3427 
4068 14
72005 57186 46190 73470 64187 19220 53856 53021 24237 75385 93308 25918 48269 79609 
4642 18
99962 83257 87856 55836 11046 98470 65693 55167 96297 28643 18398 37582 5820 77400 55036 58561 57000 69737 
4775 19
39341 78072 85930 63833 80663 3796 51815 30257 56806 27594 18438 44376 82844 76773 46064 22934 24571 75465 40231 
4817 14
73641 94199 42036 89661 86077 69823 15645 30252 54216 71596 88560 48229 11129 38858 
